======================= T:0=======================
[Waiting-to-Enter Queue]: D1-D2-D3-D4-D5-D6-D7-D8-D9-D10
[Food Stall: Bamboo Shop]: 
[Waiting-to-Seat Queue]: 
[Table 1]: 
[Done Queue]: 

======================= T:1=======================
[Waiting-to-Enter Queue]: D2-D3-D4-D5-D6-D7-D8-D9-D10
[Food Stall: Bamboo Shop]: D1
[Waiting-to-Seat Queue]: 
[Table 1]: 
[Done Queue]: 

======================= T:2=======================
[Waiting-to-Enter Queue]: D3-D4-D5-D6-D7-D8-D9-D10
[Food Stall: Bamboo Shop]: D1-D2
[Waiting-to-Seat Queue]: 
[Table 1]: 
[Done Queue]: 

======================= T:3=======================
[Waiting-to-Enter Queue]: D4-D5-D6-D7-D8-D9-D10
[Food Stall: Bamboo Shop]: D1-D2-D3
[Waiting-to-Seat Queue]: 
[Table 1]: 
[Done Queue]: 

======================= T:4=======================
[Waiting-to-Enter Queue]: D5-D6-D7-D8-D9-D10
[Food Stall: Bamboo Shop]: D1-D2-D3-D4
[Waiting-to-Seat Queue]: 
[Table 1]: 
[Done Queue]: 

======================= T:5=======================
[Waiting-to-Enter Queue]: D6-D7-D8-D9-D10
[Food Stall: Bamboo Shop]: D1-D2-D3-D4-D5
[Waiting-to-Seat Queue]: 
[Table 1]: 
[Done Queue]: 

======================= T:6=======================
[Waiting-to-Enter Queue]: D6-D7-D8-D9-D10
[Food Stall: Bamboo Shop]: D1-D2-D3-D4-D5
[Waiting-to-Seat Queue]: 
[Table 1]: 
[Done Queue]: 

======================= T:7=======================
[Waiting-to-Enter Queue]: D6-D7-D8-D9-D10
[Food Stall: Bamboo Shop]: D1-D2-D3-D4-D5
[Waiting-to-Seat Queue]: 
[Table 1]: 
[Done Queue]: 

======================= T:8=======================
[Waiting-to-Enter Queue]: D6-D7-D8-D9-D10
[Food Stall: Bamboo Shop]: D1-D2-D3-D4-D5
[Waiting-to-Seat Queue]: 
[Table 1]: 
[Done Queue]: 

======================= T:9=======================
[Waiting-to-Enter Queue]: D6-D7-D8-D9-D10
[Food Stall: Bamboo Shop]: D1-D2-D3-D4-D5
[Waiting-to-Seat Queue]: 
[Table 1]: 
[Done Queue]: 

======================= T:10=======================
[Waiting-to-Enter Queue]: D6-D7-D8-D9-D10
[Food Stall: Bamboo Shop]: D1-D2-D3-D4-D5
[Waiting-to-Seat Queue]: 
[Table 1]: 
[Done Queue]: 

======================= T:11=======================
[Waiting-to-Enter Queue]: D6-D7-D8-D9-D10
[Food Stall: Bamboo Shop]: D1-D2-D3-D4-D5
[Waiting-to-Seat Queue]: 
[Table 1]: 
[Done Queue]: 

======================= T:12=======================
[Waiting-to-Enter Queue]: D7-D8-D9-D10
[Food Stall: Bamboo Shop]: D2-D3-D4-D5-D6
[Waiting-to-Seat Queue]: D1
[Table 1]: 
[Done Queue]: 

======================= T:13=======================
[Waiting-to-Enter Queue]: D7-D8-D9-D10
[Food Stall: Bamboo Shop]: D2-D3-D4-D5-D6
[Waiting-to-Seat Queue]: 
[Table 1]: D1
[Done Queue]: 

======================= T:14=======================
[Waiting-to-Enter Queue]: D7-D8-D9-D10
[Food Stall: Bamboo Shop]: D2-D3-D4-D5-D6
[Waiting-to-Seat Queue]: 
[Table 1]: D1
[Done Queue]: 

======================= T:15=======================
[Waiting-to-Enter Queue]: D7-D8-D9-D10
[Food Stall: Bamboo Shop]: D2-D3-D4-D5-D6
[Waiting-to-Seat Queue]: 
[Table 1]: D1
[Done Queue]: 

======================= T:16=======================
[Waiting-to-Enter Queue]: D7-D8-D9-D10
[Food Stall: Bamboo Shop]: D2-D3-D4-D5-D6
[Waiting-to-Seat Queue]: 
[Table 1]: D1
[Done Queue]: 

======================= T:17=======================
[Waiting-to-Enter Queue]: D7-D8-D9-D10
[Food Stall: Bamboo Shop]: D2-D3-D4-D5-D6
[Waiting-to-Seat Queue]: 
[Table 1]: D1
[Done Queue]: 

======================= T:18=======================
[Waiting-to-Enter Queue]: D7-D8-D9-D10
[Food Stall: Bamboo Shop]: D2-D3-D4-D5-D6
[Waiting-to-Seat Queue]: 
[Table 1]: D1
[Done Queue]: 

======================= T:19=======================
[Waiting-to-Enter Queue]: D7-D8-D9-D10
[Food Stall: Bamboo Shop]: D2-D3-D4-D5-D6
[Waiting-to-Seat Queue]: 
[Table 1]: D1
[Done Queue]: 

======================= T:20=======================
[Waiting-to-Enter Queue]: D7-D8-D9-D10
[Food Stall: Bamboo Shop]: D2-D3-D4-D5-D6
[Waiting-to-Seat Queue]: 
[Table 1]: D1
[Done Queue]: 

======================= T:21=======================
[Waiting-to-Enter Queue]: D7-D8-D9-D10
[Food Stall: Bamboo Shop]: D2-D3-D4-D5-D6
[Waiting-to-Seat Queue]: 
[Table 1]: D1
[Done Queue]: 

======================= T:22=======================
[Waiting-to-Enter Queue]: D8-D9-D10
[Food Stall: Bamboo Shop]: D3-D4-D5-D6-D7
[Waiting-to-Seat Queue]: D2
[Table 1]: D1
[Done Queue]: 

======================= T:23=======================
[Waiting-to-Enter Queue]: D8-D9-D10
[Food Stall: Bamboo Shop]: D3-D4-D5-D6-D7
[Waiting-to-Seat Queue]: 
[Table 1]: D1-D2
[Done Queue]: 

======================= T:24=======================
[Waiting-to-Enter Queue]: D8-D9-D10
[Food Stall: Bamboo Shop]: D3-D4-D5-D6-D7
[Waiting-to-Seat Queue]: 
[Table 1]: D1-D2
[Done Queue]: 

======================= T:25=======================
[Waiting-to-Enter Queue]: D8-D9-D10
[Food Stall: Bamboo Shop]: D3-D4-D5-D6-D7
[Waiting-to-Seat Queue]: 
[Table 1]: D1-D2
[Done Queue]: 

======================= T:26=======================
[Waiting-to-Enter Queue]: D8-D9-D10
[Food Stall: Bamboo Shop]: D3-D4-D5-D6-D7
[Waiting-to-Seat Queue]: 
[Table 1]: D1-D2
[Done Queue]: 

======================= T:27=======================
[Waiting-to-Enter Queue]: D8-D9-D10
[Food Stall: Bamboo Shop]: D3-D4-D5-D6-D7
[Waiting-to-Seat Queue]: 
[Table 1]: D1-D2
[Done Queue]: 

======================= T:28=======================
[Waiting-to-Enter Queue]: D8-D9-D10
[Food Stall: Bamboo Shop]: D3-D4-D5-D6-D7
[Waiting-to-Seat Queue]: 
[Table 1]: D1-D2
[Done Queue]: 

======================= T:29=======================
[Waiting-to-Enter Queue]: D8-D9-D10
[Food Stall: Bamboo Shop]: D3-D4-D5-D6-D7
[Waiting-to-Seat Queue]: 
[Table 1]: D1-D2
[Done Queue]: 

======================= T:30=======================
[Waiting-to-Enter Queue]: D8-D9-D10
[Food Stall: Bamboo Shop]: D3-D4-D5-D6-D7
[Waiting-to-Seat Queue]: 
[Table 1]: D1-D2
[Done Queue]: 

======================= T:31=======================
[Waiting-to-Enter Queue]: D8-D9-D10
[Food Stall: Bamboo Shop]: D3-D4-D5-D6-D7
[Waiting-to-Seat Queue]: 
[Table 1]: D1-D2
[Done Queue]: 

======================= T:32=======================
[Waiting-to-Enter Queue]: D9-D10
[Food Stall: Bamboo Shop]: D4-D5-D6-D7-D8
[Waiting-to-Seat Queue]: D3
[Table 1]: D1-D2
[Done Queue]: 

======================= T:33=======================
[Waiting-to-Enter Queue]: D9-D10
[Food Stall: Bamboo Shop]: D4-D5-D6-D7-D8
[Waiting-to-Seat Queue]: 
[Table 1]: D1-D2-D3
[Done Queue]: 

======================= T:34=======================
[Waiting-to-Enter Queue]: D9-D10
[Food Stall: Bamboo Shop]: D4-D5-D6-D7-D8
[Waiting-to-Seat Queue]: 
[Table 1]: D1-D2-D3
[Done Queue]: 

======================= T:35=======================
[Waiting-to-Enter Queue]: D9-D10
[Food Stall: Bamboo Shop]: D4-D5-D6-D7-D8
[Waiting-to-Seat Queue]: 
[Table 1]: D1-D2-D3
[Done Queue]: 

======================= T:36=======================
[Waiting-to-Enter Queue]: D9-D10
[Food Stall: Bamboo Shop]: D4-D5-D6-D7-D8
[Waiting-to-Seat Queue]: 
[Table 1]: D1-D2-D3
[Done Queue]: 

======================= T:37=======================
[Waiting-to-Enter Queue]: D9-D10
[Food Stall: Bamboo Shop]: D4-D5-D6-D7-D8
[Waiting-to-Seat Queue]: 
[Table 1]: D1-D2-D3
[Done Queue]: 

======================= T:38=======================
[Waiting-to-Enter Queue]: D9-D10
[Food Stall: Bamboo Shop]: D4-D5-D6-D7-D8
[Waiting-to-Seat Queue]: 
[Table 1]: D1-D2-D3
[Done Queue]: 

======================= T:39=======================
[Waiting-to-Enter Queue]: D9-D10
[Food Stall: Bamboo Shop]: D4-D5-D6-D7-D8
[Waiting-to-Seat Queue]: 
[Table 1]: D1-D2-D3
[Done Queue]: 

======================= T:40=======================
[Waiting-to-Enter Queue]: D9-D10
[Food Stall: Bamboo Shop]: D4-D5-D6-D7-D8
[Waiting-to-Seat Queue]: 
[Table 1]: D1-D2-D3
[Done Queue]: 

======================= T:41=======================
[Waiting-to-Enter Queue]: D9-D10
[Food Stall: Bamboo Shop]: D4-D5-D6-D7-D8
[Waiting-to-Seat Queue]: 
[Table 1]: D2-D3
[Done Queue]: D1

======================= T:42=======================
[Waiting-to-Enter Queue]: D10
[Food Stall: Bamboo Shop]: D5-D6-D7-D8-D9
[Waiting-to-Seat Queue]: D4
[Table 1]: D2-D3
[Done Queue]: D1

======================= T:43=======================
[Waiting-to-Enter Queue]: D10
[Food Stall: Bamboo Shop]: D5-D6-D7-D8-D9
[Waiting-to-Seat Queue]: 
[Table 1]: D2-D3-D4
[Done Queue]: D1

======================= T:44=======================
[Waiting-to-Enter Queue]: D10
[Food Stall: Bamboo Shop]: D5-D6-D7-D8-D9
[Waiting-to-Seat Queue]: 
[Table 1]: D2-D3-D4
[Done Queue]: D1

======================= T:45=======================
[Waiting-to-Enter Queue]: D10
[Food Stall: Bamboo Shop]: D5-D6-D7-D8-D9
[Waiting-to-Seat Queue]: 
[Table 1]: D2-D3-D4
[Done Queue]: D1

======================= T:46=======================
[Waiting-to-Enter Queue]: D10
[Food Stall: Bamboo Shop]: D5-D6-D7-D8-D9
[Waiting-to-Seat Queue]: 
[Table 1]: D2-D3-D4
[Done Queue]: D1

======================= T:47=======================
[Waiting-to-Enter Queue]: D10
[Food Stall: Bamboo Shop]: D5-D6-D7-D8-D9
[Waiting-to-Seat Queue]: 
[Table 1]: D2-D3-D4
[Done Queue]: D1

======================= T:48=======================
[Waiting-to-Enter Queue]: D10
[Food Stall: Bamboo Shop]: D5-D6-D7-D8-D9
[Waiting-to-Seat Queue]: 
[Table 1]: D2-D3-D4
[Done Queue]: D1

======================= T:49=======================
[Waiting-to-Enter Queue]: D10
[Food Stall: Bamboo Shop]: D5-D6-D7-D8-D9
[Waiting-to-Seat Queue]: 
[Table 1]: D2-D3-D4
[Done Queue]: D1

======================= T:50=======================
[Waiting-to-Enter Queue]: D10
[Food Stall: Bamboo Shop]: D5-D6-D7-D8-D9
[Waiting-to-Seat Queue]: 
[Table 1]: D2-D3-D4
[Done Queue]: D1

======================= T:51=======================
[Waiting-to-Enter Queue]: D10
[Food Stall: Bamboo Shop]: D5-D6-D7-D8-D9
[Waiting-to-Seat Queue]: 
[Table 1]: D3-D4
[Done Queue]: D1-D2

======================= T:52=======================
[Waiting-to-Enter Queue]: 
[Food Stall: Bamboo Shop]: D6-D7-D8-D9-D10
[Waiting-to-Seat Queue]: D5
[Table 1]: D3-D4
[Done Queue]: D1-D2

======================= T:53=======================
[Waiting-to-Enter Queue]: 
[Food Stall: Bamboo Shop]: D6-D7-D8-D9-D10
[Waiting-to-Seat Queue]: 
[Table 1]: D3-D4-D5
[Done Queue]: D1-D2

======================= T:54=======================
[Waiting-to-Enter Queue]: 
[Food Stall: Bamboo Shop]: D6-D7-D8-D9-D10
[Waiting-to-Seat Queue]: 
[Table 1]: D3-D4-D5
[Done Queue]: D1-D2

======================= T:55=======================
[Waiting-to-Enter Queue]: 
[Food Stall: Bamboo Shop]: D6-D7-D8-D9-D10
[Waiting-to-Seat Queue]: 
[Table 1]: D3-D4-D5
[Done Queue]: D1-D2

======================= T:56=======================
[Waiting-to-Enter Queue]: 
[Food Stall: Bamboo Shop]: D6-D7-D8-D9-D10
[Waiting-to-Seat Queue]: 
[Table 1]: D3-D4-D5
[Done Queue]: D1-D2

======================= T:57=======================
[Waiting-to-Enter Queue]: 
[Food Stall: Bamboo Shop]: D6-D7-D8-D9-D10
[Waiting-to-Seat Queue]: 
[Table 1]: D3-D4-D5
[Done Queue]: D1-D2

======================= T:58=======================
[Waiting-to-Enter Queue]: 
[Food Stall: Bamboo Shop]: D6-D7-D8-D9-D10
[Waiting-to-Seat Queue]: 
[Table 1]: D3-D4-D5
[Done Queue]: D1-D2

======================= T:59=======================
[Waiting-to-Enter Queue]: 
[Food Stall: Bamboo Shop]: D6-D7-D8-D9-D10
[Waiting-to-Seat Queue]: 
[Table 1]: D3-D4-D5
[Done Queue]: D1-D2

======================= T:60=======================
[Waiting-to-Enter Queue]: 
[Food Stall: Bamboo Shop]: D6-D7-D8-D9-D10
[Waiting-to-Seat Queue]: 
[Table 1]: D3-D4-D5
[Done Queue]: D1-D2

======================= T:61=======================
[Waiting-to-Enter Queue]: 
[Food Stall: Bamboo Shop]: D6-D7-D8-D9-D10
[Waiting-to-Seat Queue]: 
[Table 1]: D4-D5
[Done Queue]: D1-D2-D3

======================= T:62=======================
[Waiting-to-Enter Queue]: 
[Food Stall: Bamboo Shop]: D7-D8-D9-D10
[Waiting-to-Seat Queue]: D6
[Table 1]: D4-D5
[Done Queue]: D1-D2-D3

======================= T:63=======================
[Waiting-to-Enter Queue]: 
[Food Stall: Bamboo Shop]: D7-D8-D9-D10
[Waiting-to-Seat Queue]: 
[Table 1]: D4-D5-D6
[Done Queue]: D1-D2-D3

======================= T:64=======================
[Waiting-to-Enter Queue]: 
[Food Stall: Bamboo Shop]: D7-D8-D9-D10
[Waiting-to-Seat Queue]: 
[Table 1]: D4-D5-D6
[Done Queue]: D1-D2-D3

======================= T:65=======================
[Waiting-to-Enter Queue]: 
[Food Stall: Bamboo Shop]: D7-D8-D9-D10
[Waiting-to-Seat Queue]: 
[Table 1]: D4-D5-D6
[Done Queue]: D1-D2-D3

======================= T:66=======================
[Waiting-to-Enter Queue]: 
[Food Stall: Bamboo Shop]: D7-D8-D9-D10
[Waiting-to-Seat Queue]: 
[Table 1]: D4-D5-D6
[Done Queue]: D1-D2-D3

======================= T:67=======================
[Waiting-to-Enter Queue]: 
[Food Stall: Bamboo Shop]: D7-D8-D9-D10
[Waiting-to-Seat Queue]: 
[Table 1]: D4-D5-D6
[Done Queue]: D1-D2-D3

======================= T:68=======================
[Waiting-to-Enter Queue]: 
[Food Stall: Bamboo Shop]: D7-D8-D9-D10
[Waiting-to-Seat Queue]: 
[Table 1]: D4-D5-D6
[Done Queue]: D1-D2-D3

======================= T:69=======================
[Waiting-to-Enter Queue]: 
[Food Stall: Bamboo Shop]: D7-D8-D9-D10
[Waiting-to-Seat Queue]: 
[Table 1]: D4-D5-D6
[Done Queue]: D1-D2-D3

======================= T:70=======================
[Waiting-to-Enter Queue]: 
[Food Stall: Bamboo Shop]: D7-D8-D9-D10
[Waiting-to-Seat Queue]: 
[Table 1]: D4-D5-D6
[Done Queue]: D1-D2-D3

======================= T:71=======================
[Waiting-to-Enter Queue]: 
[Food Stall: Bamboo Shop]: D7-D8-D9-D10
[Waiting-to-Seat Queue]: 
[Table 1]: D5-D6
[Done Queue]: D1-D2-D3-D4

======================= T:72=======================
[Waiting-to-Enter Queue]: 
[Food Stall: Bamboo Shop]: D8-D9-D10
[Waiting-to-Seat Queue]: D7
[Table 1]: D5-D6
[Done Queue]: D1-D2-D3-D4

======================= T:73=======================
[Waiting-to-Enter Queue]: 
[Food Stall: Bamboo Shop]: D8-D9-D10
[Waiting-to-Seat Queue]: 
[Table 1]: D5-D6-D7
[Done Queue]: D1-D2-D3-D4

======================= T:74=======================
[Waiting-to-Enter Queue]: 
[Food Stall: Bamboo Shop]: D8-D9-D10
[Waiting-to-Seat Queue]: 
[Table 1]: D5-D6-D7
[Done Queue]: D1-D2-D3-D4

======================= T:75=======================
[Waiting-to-Enter Queue]: 
[Food Stall: Bamboo Shop]: D8-D9-D10
[Waiting-to-Seat Queue]: 
[Table 1]: D5-D6-D7
[Done Queue]: D1-D2-D3-D4

======================= T:76=======================
[Waiting-to-Enter Queue]: 
[Food Stall: Bamboo Shop]: D8-D9-D10
[Waiting-to-Seat Queue]: 
[Table 1]: D5-D6-D7
[Done Queue]: D1-D2-D3-D4

======================= T:77=======================
[Waiting-to-Enter Queue]: 
[Food Stall: Bamboo Shop]: D8-D9-D10
[Waiting-to-Seat Queue]: 
[Table 1]: D5-D6-D7
[Done Queue]: D1-D2-D3-D4

======================= T:78=======================
[Waiting-to-Enter Queue]: 
[Food Stall: Bamboo Shop]: D8-D9-D10
[Waiting-to-Seat Queue]: 
[Table 1]: D5-D6-D7
[Done Queue]: D1-D2-D3-D4

======================= T:79=======================
[Waiting-to-Enter Queue]: 
[Food Stall: Bamboo Shop]: D8-D9-D10
[Waiting-to-Seat Queue]: 
[Table 1]: D5-D6-D7
[Done Queue]: D1-D2-D3-D4

======================= T:80=======================
[Waiting-to-Enter Queue]: 
[Food Stall: Bamboo Shop]: D8-D9-D10
[Waiting-to-Seat Queue]: 
[Table 1]: D5-D6-D7
[Done Queue]: D1-D2-D3-D4

======================= T:81=======================
[Waiting-to-Enter Queue]: 
[Food Stall: Bamboo Shop]: D8-D9-D10
[Waiting-to-Seat Queue]: 
[Table 1]: D6-D7
[Done Queue]: D1-D2-D3-D4-D5

======================= T:82=======================
[Waiting-to-Enter Queue]: 
[Food Stall: Bamboo Shop]: D9-D10
[Waiting-to-Seat Queue]: D8
[Table 1]: D6-D7
[Done Queue]: D1-D2-D3-D4-D5

======================= T:83=======================
[Waiting-to-Enter Queue]: 
[Food Stall: Bamboo Shop]: D9-D10
[Waiting-to-Seat Queue]: 
[Table 1]: D6-D7-D8
[Done Queue]: D1-D2-D3-D4-D5

======================= T:84=======================
[Waiting-to-Enter Queue]: 
[Food Stall: Bamboo Shop]: D9-D10
[Waiting-to-Seat Queue]: 
[Table 1]: D6-D7-D8
[Done Queue]: D1-D2-D3-D4-D5

======================= T:85=======================
[Waiting-to-Enter Queue]: 
[Food Stall: Bamboo Shop]: D9-D10
[Waiting-to-Seat Queue]: 
[Table 1]: D6-D7-D8
[Done Queue]: D1-D2-D3-D4-D5

======================= T:86=======================
[Waiting-to-Enter Queue]: 
[Food Stall: Bamboo Shop]: D9-D10
[Waiting-to-Seat Queue]: 
[Table 1]: D6-D7-D8
[Done Queue]: D1-D2-D3-D4-D5

======================= T:87=======================
[Waiting-to-Enter Queue]: 
[Food Stall: Bamboo Shop]: D9-D10
[Waiting-to-Seat Queue]: 
[Table 1]: D6-D7-D8
[Done Queue]: D1-D2-D3-D4-D5

======================= T:88=======================
[Waiting-to-Enter Queue]: 
[Food Stall: Bamboo Shop]: D9-D10
[Waiting-to-Seat Queue]: 
[Table 1]: D6-D7-D8
[Done Queue]: D1-D2-D3-D4-D5

======================= T:89=======================
[Waiting-to-Enter Queue]: 
[Food Stall: Bamboo Shop]: D9-D10
[Waiting-to-Seat Queue]: 
[Table 1]: D6-D7-D8
[Done Queue]: D1-D2-D3-D4-D5

======================= T:90=======================
[Waiting-to-Enter Queue]: 
[Food Stall: Bamboo Shop]: D9-D10
[Waiting-to-Seat Queue]: 
[Table 1]: D6-D7-D8
[Done Queue]: D1-D2-D3-D4-D5

======================= T:91=======================
[Waiting-to-Enter Queue]: 
[Food Stall: Bamboo Shop]: D9-D10
[Waiting-to-Seat Queue]: 
[Table 1]: D7-D8
[Done Queue]: D1-D2-D3-D4-D5-D6

======================= T:92=======================
[Waiting-to-Enter Queue]: 
[Food Stall: Bamboo Shop]: D10
[Waiting-to-Seat Queue]: D9
[Table 1]: D7-D8
[Done Queue]: D1-D2-D3-D4-D5-D6

======================= T:93=======================
[Waiting-to-Enter Queue]: 
[Food Stall: Bamboo Shop]: D10
[Waiting-to-Seat Queue]: 
[Table 1]: D7-D8-D9
[Done Queue]: D1-D2-D3-D4-D5-D6

======================= T:94=======================
[Waiting-to-Enter Queue]: 
[Food Stall: Bamboo Shop]: D10
[Waiting-to-Seat Queue]: 
[Table 1]: D7-D8-D9
[Done Queue]: D1-D2-D3-D4-D5-D6

======================= T:95=======================
[Waiting-to-Enter Queue]: 
[Food Stall: Bamboo Shop]: D10
[Waiting-to-Seat Queue]: 
[Table 1]: D7-D8-D9
[Done Queue]: D1-D2-D3-D4-D5-D6

======================= T:96=======================
[Waiting-to-Enter Queue]: 
[Food Stall: Bamboo Shop]: D10
[Waiting-to-Seat Queue]: 
[Table 1]: D7-D8-D9
[Done Queue]: D1-D2-D3-D4-D5-D6

======================= T:97=======================
[Waiting-to-Enter Queue]: 
[Food Stall: Bamboo Shop]: D10
[Waiting-to-Seat Queue]: 
[Table 1]: D7-D8-D9
[Done Queue]: D1-D2-D3-D4-D5-D6

======================= T:98=======================
[Waiting-to-Enter Queue]: 
[Food Stall: Bamboo Shop]: D10
[Waiting-to-Seat Queue]: 
[Table 1]: D7-D8-D9
[Done Queue]: D1-D2-D3-D4-D5-D6

======================= T:99=======================
[Waiting-to-Enter Queue]: 
[Food Stall: Bamboo Shop]: D10
[Waiting-to-Seat Queue]: 
[Table 1]: D7-D8-D9
[Done Queue]: D1-D2-D3-D4-D5-D6

======================= T:100=======================
[Waiting-to-Enter Queue]: 
[Food Stall: Bamboo Shop]: D10
[Waiting-to-Seat Queue]: 
[Table 1]: D7-D8-D9
[Done Queue]: D1-D2-D3-D4-D5-D6

======================= T:101=======================
[Waiting-to-Enter Queue]: 
[Food Stall: Bamboo Shop]: D10
[Waiting-to-Seat Queue]: 
[Table 1]: D8-D9
[Done Queue]: D1-D2-D3-D4-D5-D6-D7

======================= T:102=======================
[Waiting-to-Enter Queue]: 
[Food Stall: Bamboo Shop]: 
[Waiting-to-Seat Queue]: D10
[Table 1]: D8-D9
[Done Queue]: D1-D2-D3-D4-D5-D6-D7

======================= T:103=======================
[Waiting-to-Enter Queue]: 
[Food Stall: Bamboo Shop]: 
[Waiting-to-Seat Queue]: 
[Table 1]: D8-D9-D10
[Done Queue]: D1-D2-D3-D4-D5-D6-D7

======================= T:104=======================
[Waiting-to-Enter Queue]: 
[Food Stall: Bamboo Shop]: 
[Waiting-to-Seat Queue]: 
[Table 1]: D8-D9-D10
[Done Queue]: D1-D2-D3-D4-D5-D6-D7

======================= T:105=======================
[Waiting-to-Enter Queue]: 
[Food Stall: Bamboo Shop]: 
[Waiting-to-Seat Queue]: 
[Table 1]: D8-D9-D10
[Done Queue]: D1-D2-D3-D4-D5-D6-D7

======================= T:106=======================
[Waiting-to-Enter Queue]: 
[Food Stall: Bamboo Shop]: 
[Waiting-to-Seat Queue]: 
[Table 1]: D8-D9-D10
[Done Queue]: D1-D2-D3-D4-D5-D6-D7

======================= T:107=======================
[Waiting-to-Enter Queue]: 
[Food Stall: Bamboo Shop]: 
[Waiting-to-Seat Queue]: 
[Table 1]: D8-D9-D10
[Done Queue]: D1-D2-D3-D4-D5-D6-D7

======================= T:108=======================
[Waiting-to-Enter Queue]: 
[Food Stall: Bamboo Shop]: 
[Waiting-to-Seat Queue]: 
[Table 1]: D8-D9-D10
[Done Queue]: D1-D2-D3-D4-D5-D6-D7

======================= T:109=======================
[Waiting-to-Enter Queue]: 
[Food Stall: Bamboo Shop]: 
[Waiting-to-Seat Queue]: 
[Table 1]: D8-D9-D10
[Done Queue]: D1-D2-D3-D4-D5-D6-D7

======================= T:110=======================
[Waiting-to-Enter Queue]: 
[Food Stall: Bamboo Shop]: 
[Waiting-to-Seat Queue]: 
[Table 1]: D8-D9-D10
[Done Queue]: D1-D2-D3-D4-D5-D6-D7

======================= T:111=======================
[Waiting-to-Enter Queue]: 
[Food Stall: Bamboo Shop]: 
[Waiting-to-Seat Queue]: 
[Table 1]: D9-D10
[Done Queue]: D1-D2-D3-D4-D5-D6-D7-D8

======================= T:112=======================
[Waiting-to-Enter Queue]: 
[Food Stall: Bamboo Shop]: 
[Waiting-to-Seat Queue]: 
[Table 1]: D9-D10
[Done Queue]: D1-D2-D3-D4-D5-D6-D7-D8

======================= T:113=======================
[Waiting-to-Enter Queue]: 
[Food Stall: Bamboo Shop]: 
[Waiting-to-Seat Queue]: 
[Table 1]: D9-D10
[Done Queue]: D1-D2-D3-D4-D5-D6-D7-D8

======================= T:114=======================
[Waiting-to-Enter Queue]: 
[Food Stall: Bamboo Shop]: 
[Waiting-to-Seat Queue]: 
[Table 1]: D9-D10
[Done Queue]: D1-D2-D3-D4-D5-D6-D7-D8

======================= T:115=======================
[Waiting-to-Enter Queue]: 
[Food Stall: Bamboo Shop]: 
[Waiting-to-Seat Queue]: 
[Table 1]: D9-D10
[Done Queue]: D1-D2-D3-D4-D5-D6-D7-D8

======================= T:116=======================
[Waiting-to-Enter Queue]: 
[Food Stall: Bamboo Shop]: 
[Waiting-to-Seat Queue]: 
[Table 1]: D9-D10
[Done Queue]: D1-D2-D3-D4-D5-D6-D7-D8

======================= T:117=======================
[Waiting-to-Enter Queue]: 
[Food Stall: Bamboo Shop]: 
[Waiting-to-Seat Queue]: 
[Table 1]: D9-D10
[Done Queue]: D1-D2-D3-D4-D5-D6-D7-D8

======================= T:118=======================
[Waiting-to-Enter Queue]: 
[Food Stall: Bamboo Shop]: 
[Waiting-to-Seat Queue]: 
[Table 1]: D9-D10
[Done Queue]: D1-D2-D3-D4-D5-D6-D7-D8

======================= T:119=======================
[Waiting-to-Enter Queue]: 
[Food Stall: Bamboo Shop]: 
[Waiting-to-Seat Queue]: 
[Table 1]: D9-D10
[Done Queue]: D1-D2-D3-D4-D5-D6-D7-D8

======================= T:120=======================
[Waiting-to-Enter Queue]: 
[Food Stall: Bamboo Shop]: 
[Waiting-to-Seat Queue]: 
[Table 1]: D9-D10
[Done Queue]: D1-D2-D3-D4-D5-D6-D7-D8

======================= T:121=======================
[Waiting-to-Enter Queue]: 
[Food Stall: Bamboo Shop]: 
[Waiting-to-Seat Queue]: 
[Table 1]: D10
[Done Queue]: D1-D2-D3-D4-D5-D6-D7-D8-D9

======================= T:122=======================
[Waiting-to-Enter Queue]: 
[Food Stall: Bamboo Shop]: 
[Waiting-to-Seat Queue]: 
[Table 1]: D10
[Done Queue]: D1-D2-D3-D4-D5-D6-D7-D8-D9

======================= T:123=======================
[Waiting-to-Enter Queue]: 
[Food Stall: Bamboo Shop]: 
[Waiting-to-Seat Queue]: 
[Table 1]: D10
[Done Queue]: D1-D2-D3-D4-D5-D6-D7-D8-D9

======================= T:124=======================
[Waiting-to-Enter Queue]: 
[Food Stall: Bamboo Shop]: 
[Waiting-to-Seat Queue]: 
[Table 1]: D10
[Done Queue]: D1-D2-D3-D4-D5-D6-D7-D8-D9

======================= T:125=======================
[Waiting-to-Enter Queue]: 
[Food Stall: Bamboo Shop]: 
[Waiting-to-Seat Queue]: 
[Table 1]: D10
[Done Queue]: D1-D2-D3-D4-D5-D6-D7-D8-D9

======================= T:126=======================
[Waiting-to-Enter Queue]: 
[Food Stall: Bamboo Shop]: 
[Waiting-to-Seat Queue]: 
[Table 1]: D10
[Done Queue]: D1-D2-D3-D4-D5-D6-D7-D8-D9

======================= T:127=======================
[Waiting-to-Enter Queue]: 
[Food Stall: Bamboo Shop]: 
[Waiting-to-Seat Queue]: 
[Table 1]: D10
[Done Queue]: D1-D2-D3-D4-D5-D6-D7-D8-D9

======================= T:128=======================
[Waiting-to-Enter Queue]: 
[Food Stall: Bamboo Shop]: 
[Waiting-to-Seat Queue]: 
[Table 1]: D10
[Done Queue]: D1-D2-D3-D4-D5-D6-D7-D8-D9

======================= T:129=======================
[Waiting-to-Enter Queue]: 
[Food Stall: Bamboo Shop]: 
[Waiting-to-Seat Queue]: 
[Table 1]: D10
[Done Queue]: D1-D2-D3-D4-D5-D6-D7-D8-D9

======================= T:130=======================
[Waiting-to-Enter Queue]: 
[Food Stall: Bamboo Shop]: 
[Waiting-to-Seat Queue]: 
[Table 1]: D10
[Done Queue]: D1-D2-D3-D4-D5-D6-D7-D8-D9

======================= T:131=======================
[Waiting-to-Enter Queue]: 
[Food Stall: Bamboo Shop]: 
[Waiting-to-Seat Queue]: 
[Table 1]: 
[Done Queue]: D1-D2-D3-D4-D5-D6-D7-D8-D9-D10

@@ Simulation Done. Great Job!!
