T=0	10	0	0	0	0
T=1	9	1	0	0	0
T=2	8	2	0	0	0
T=3	7	3	0	0	0
T=4	6	4	0	0	0
T=5	5	5	0	0	0
T=6	5	5	0	0	0
T=7	5	5	0	0	0
T=8	5	5	0	0	0
T=9	5	5	0	0	0
T=10	5	5	0	0	0
T=11	5	5	0	0	0
T=12	4	5	1	0	0
T=13	4	5	0	1	0
T=14	4	5	0	1	0
T=15	4	5	0	1	0
T=16	4	5	0	1	0
T=17	4	5	0	1	0
T=18	4	5	0	1	0
T=19	4	5	0	1	0
T=20	4	5	0	1	0
T=21	4	5	0	1	0
T=22	3	5	1	1	0
T=23	3	5	0	2	0
T=24	3	5	0	2	0
T=25	3	5	0	2	0
T=26	3	5	0	2	0
T=27	3	5	0	2	0
T=28	3	5	0	2	0
T=29	3	5	0	2	0
T=30	3	5	0	2	0
T=31	3	5	0	2	0
T=32	2	5	1	2	0
T=33	2	5	0	3	0
T=34	2	5	0	3	0
T=35	2	5	0	3	0
T=36	2	5	0	3	0
T=37	2	5	0	3	0
T=38	2	5	0	3	0
T=39	2	5	0	3	0
T=40	2	5	0	3	0
T=41	2	5	0	2	1
T=42	1	5	1	2	1
T=43	1	5	0	3	1
T=44	1	5	0	3	1
T=45	1	5	0	3	1
T=46	1	5	0	3	1
T=47	1	5	0	3	1
T=48	1	5	0	3	1
T=49	1	5	0	3	1
T=50	1	5	0	3	1
T=51	1	5	0	2	2
T=52	0	5	1	2	2
T=53	0	5	0	3	2
T=54	0	5	0	3	2
T=55	0	5	0	3	2
T=56	0	5	0	3	2
T=57	0	5	0	3	2
T=58	0	5	0	3	2
T=59	0	5	0	3	2
T=60	0	5	0	3	2
T=61	0	5	0	2	3
T=62	0	4	1	2	3
T=63	0	4	0	3	3
T=64	0	4	0	3	3
T=65	0	4	0	3	3
T=66	0	4	0	3	3
T=67	0	4	0	3	3
T=68	0	4	0	3	3
T=69	0	4	0	3	3
T=70	0	4	0	3	3
T=71	0	4	0	2	4
T=72	0	3	1	2	4
T=73	0	3	0	3	4
T=74	0	3	0	3	4
T=75	0	3	0	3	4
T=76	0	3	0	3	4
T=77	0	3	0	3	4
T=78	0	3	0	3	4
T=79	0	3	0	3	4
T=80	0	3	0	3	4
T=81	0	3	0	2	5
T=82	0	2	1	2	5
T=83	0	2	0	3	5
T=84	0	2	0	3	5
T=85	0	2	0	3	5
T=86	0	2	0	3	5
T=87	0	2	0	3	5
T=88	0	2	0	3	5
T=89	0	2	0	3	5
T=90	0	2	0	3	5
T=91	0	2	0	2	6
T=92	0	1	1	2	6
T=93	0	1	0	3	6
T=94	0	1	0	3	6
T=95	0	1	0	3	6
T=96	0	1	0	3	6
T=97	0	1	0	3	6
T=98	0	1	0	3	6
T=99	0	1	0	3	6
T=100	0	1	0	3	6
T=101	0	1	0	2	7
T=102	0	0	1	2	7
T=103	0	0	0	3	7
T=104	0	0	0	3	7
T=105	0	0	0	3	7
T=106	0	0	0	3	7
T=107	0	0	0	3	7
T=108	0	0	0	3	7
T=109	0	0	0	3	7
T=110	0	0	0	3	7
T=111	0	0	0	2	8
T=112	0	0	0	2	8
T=113	0	0	0	2	8
T=114	0	0	0	2	8
T=115	0	0	0	2	8
T=116	0	0	0	2	8
T=117	0	0	0	2	8
T=118	0	0	0	2	8
T=119	0	0	0	2	8
T=120	0	0	0	2	8
T=121	0	0	0	1	9
T=122	0	0	0	1	9
T=123	0	0	0	1	9
T=124	0	0	0	1	9
T=125	0	0	0	1	9
T=126	0	0	0	1	9
T=127	0	0	0	1	9
T=128	0	0	0	1	9
T=129	0	0	0	1	9
T=130	0	0	0	1	9
T=131	0	0	0	0	10
@@ Simulation Done. Great Job!!
