T=0	8	0	0	0	0
T=1	7	1	0	0	0
T=2	6	2	0	0	0
T=3	5	3	0	0	0
T=4	4	4	0	0	0
T=5	3	5	0	0	0
T=6	2	6	0	0	0
T=7	1	7	0	0	0
T=8	0	8	0	0	0
T=9	0	8	0	0	0
T=10	0	8	0	0	0
T=11	0	8	0	0	0
T=12	0	7	1	0	0
T=13	0	6	1	1	0
T=14	0	6	0	2	0
T=15	0	6	0	2	0
T=16	0	6	0	2	0
T=17	0	6	0	2	0
T=18	0	6	0	2	0
T=19	0	6	0	2	0
T=20	0	6	0	2	0
T=21	0	6	0	2	0
T=22	0	6	0	2	0
T=23	0	5	1	2	0
T=24	0	4	1	3	0
T=25	0	4	0	4	0
T=26	0	4	0	4	0
T=27	0	4	0	4	0
T=28	0	4	0	4	0
T=29	0	4	0	4	0
T=30	0	4	0	4	0
T=31	0	4	0	4	0
T=32	0	4	0	4	0
T=33	0	4	0	4	0
T=34	0	3	1	4	0
T=35	0	2	1	5	0
T=36	0	2	0	6	0
T=37	0	2	0	6	0
T=38	0	2	0	6	0
T=39	0	2	0	6	0
T=40	0	2	0	6	0
T=41	0	2	0	6	0
T=42	0	2	0	5	1
T=43	0	2	0	4	2
T=44	0	2	0	4	2
T=45	0	1	1	4	2
T=46	0	0	1	5	2
T=47	0	0	0	6	2
T=48	0	0	0	6	2
T=49	0	0	0	6	2
T=50	0	0	0	6	2
T=51	0	0	0	6	2
T=52	0	0	0	6	2
T=53	0	0	0	5	3
T=54	0	0	0	4	4
T=55	0	0	0	4	4
T=56	0	0	0	4	4
T=57	0	0	0	4	4
T=58	0	0	0	4	4
T=59	0	0	0	4	4
T=60	0	0	0	4	4
T=61	0	0	0	4	4
T=62	0	0	0	4	4
T=63	0	0	0	4	4
T=64	0	0	0	3	5
T=65	0	0	0	2	6
T=66	0	0	0	2	6
T=67	0	0	0	2	6
T=68	0	0	0	2	6
T=69	0	0	0	2	6
T=70	0	0	0	2	6
T=71	0	0	0	2	6
T=72	0	0	0	2	6
T=73	0	0	0	2	6
T=74	0	0	0	2	6
T=75	0	0	0	1	7
T=76	0	0	0	0	8
@@ Simulation Done. Great Job!!
