#
# There is insufficient memory for the Java Runtime Environment to continue.
# Native memory allocation (malloc) failed to allocate 32744 bytes for ChunkPool::allocate
# Possible reasons:
#   The system is out of physical RAM or swap space
#   The process is running with CompressedOops enabled, and the Java Heap may be blocking the growth of the native heap
# Possible solutions:
#   Reduce memory load on the system
#   Increase physical memory or swap space
#   Check if swap backing store is full
#   Decrease Java heap size (-Xmx/-Xms)
#   Decrease number of Java threads
#   Decrease Java thread stack sizes (-Xss)
#   Set larger code cache with -XX:ReservedCodeCacheSize=
#   JVM is running with Unscaled Compressed Oops mode in which the Java heap is
#     placed in the first 4GB address space. The Java Heap base address is the
#     maximum limit for the native heap growth. Please use -XX:HeapBaseMinAddress
#     to set the Java Heap base and to place the Java Heap above 4GB virtual address.
# This output file may be truncated or incomplete.
#
#  Out of Memory Error (./open/src/hotspot/share/memory/arena.cpp:81), pid=12000, tid=19684
#
# JRE version: Java(TM) SE Runtime Environment 18.9 (11.0.9+7) (build 11.0.9+7-LTS)
# Java VM: Java HotSpot(TM) 64-Bit Server VM 18.9 (11.0.9+7-LTS, mixed mode, tiered, compressed oops, g1 gc, windows-amd64)
# No core dump will be written. Minidumps are not enabled by default on client versions of Windows
#

---------------  S U M M A R Y ------------

Command Line: -Dfile.encoding=UTF-8 StudentTester

Host: Intel(R) Core(TM) i5-8350U CPU @ 1.70GHz, 8 cores, 7G,  Windows 10 , 64 bit Build 19041 (10.0.19041.804)
Time: Fri Mar 26 01:59:56 2021 SE Asia Standard Time elapsed time: 35970.572822 seconds (0d 9h 59m 30s)

---------------  T H R E A D  ---------------

Current thread (0x00000165fed4b800):  JavaThread "C2 CompilerThread0" daemon [_thread_in_native, id=19684, stack(0x000000654e900000,0x000000654ea00000)]


Current CompileTask:
C2:35970573  421 % !   4       jdk.internal.ref.CleanerImpl::run @ 20 (90 bytes)

Stack: [0x000000654e900000,0x000000654ea00000]
Native frames: (J=compiled Java code, j=interpreted, Vv=VM code, C=native code)
V  [jvm.dll+0x611a3a]
V  [jvm.dll+0x748aaf]
V  [jvm.dll+0x74a135]
V  [jvm.dll+0x74a7b3]
V  [jvm.dll+0x2439f8]
V  [jvm.dll+0xba65b]
V  [jvm.dll+0xba9bc]
V  [jvm.dll+0x5b77a3]
V  [jvm.dll+0x32c3b5]
V  [jvm.dll+0x32ceff]
V  [jvm.dll+0x32d648]
V  [jvm.dll+0x511eb3]
V  [jvm.dll+0x62e32c]
V  [jvm.dll+0x62602f]
V  [jvm.dll+0x62566e]
V  [jvm.dll+0x6234de]
V  [jvm.dll+0x18195c]
V  [jvm.dll+0x2b3286]
V  [jvm.dll+0x62e2b8]
V  [jvm.dll+0x62602f]
V  [jvm.dll+0x62566e]
V  [jvm.dll+0x6234de]
V  [jvm.dll+0x18195c]
V  [jvm.dll+0x1fc2e1]
V  [jvm.dll+0x17f08c]
V  [jvm.dll+0x20bc54]
V  [jvm.dll+0x209d2b]
V  [jvm.dll+0x7103d9]
V  [jvm.dll+0x709114]
V  [jvm.dll+0x610cb6]
C  [ucrtbase.dll+0x21bb2]
C  [KERNEL32.DLL+0x17034]
C  [ntdll.dll+0x52651]


---------------  P R O C E S S  ---------------

Threads class SMR info:
_java_thread_list=0x00000165ff826880, length=10, elements={
0x00000165f4f28000, 0x00000165fed2f800, 0x00000165fed39000, 0x00000165fed47800,
0x00000165fed48800, 0x00000165fed4b800, 0x00000165fed58000, 0x00000165fed59000,
0x00000165ff84d800, 0x00000165ff873000
}

Java Threads: ( => current thread )
  0x00000165f4f28000 JavaThread "main" [_thread_in_native, id=27708, stack(0x000000654de00000,0x000000654df00000)]
  0x00000165fed2f800 JavaThread "Reference Handler" daemon [_thread_blocked, id=27036, stack(0x000000654e500000,0x000000654e600000)]
  0x00000165fed39000 JavaThread "Finalizer" daemon [_thread_blocked, id=21324, stack(0x000000654e600000,0x000000654e700000)]
  0x00000165fed47800 JavaThread "Signal Dispatcher" daemon [_thread_blocked, id=28536, stack(0x000000654e700000,0x000000654e800000)]
  0x00000165fed48800 JavaThread "Attach Listener" daemon [_thread_blocked, id=21120, stack(0x000000654e800000,0x000000654e900000)]
=>0x00000165fed4b800 JavaThread "C2 CompilerThread0" daemon [_thread_in_native, id=19684, stack(0x000000654e900000,0x000000654ea00000)]
  0x00000165fed58000 JavaThread "C1 CompilerThread0" daemon [_thread_blocked, id=25408, stack(0x000000654ea00000,0x000000654eb00000)]
  0x00000165fed59000 JavaThread "Sweeper thread" daemon [_thread_blocked, id=43208, stack(0x000000654eb00000,0x000000654ec00000)]
  0x00000165ff84d800 JavaThread "Service Thread" daemon [_thread_blocked, id=27448, stack(0x000000654ec00000,0x000000654ed00000)]
  0x00000165ff873000 JavaThread "Common-Cleaner" daemon [_thread_blocked, id=34636, stack(0x000000654ee00000,0x000000654ef00000)]

Other Threads:
  0x00000165fed2d800 VMThread "VM Thread" [stack: 0x000000654e400000,0x000000654e500000] [id=23332]
  0x00000165ff872000 WatcherThread [stack: 0x000000654ed00000,0x000000654ee00000] [id=37356]
  0x00000165f4f39800 GCTaskThread "GC Thread#0" [stack: 0x000000654df00000,0x000000654e000000] [id=37472]
  0x00000165ff814800 GCTaskThread "GC Thread#1" [stack: 0x000000654ef00000,0x000000654f000000] [id=10352]
  0x0000016594f57000 GCTaskThread "GC Thread#2" [stack: 0x000000654f000000,0x000000654f100000] [id=29776]
  0x00000165f4f6a800 ConcurrentGCThread "G1 Main Marker" [stack: 0x000000654e000000,0x000000654e100000] [id=38512]
  0x00000165f4f6c000 ConcurrentGCThread "G1 Conc#0" [stack: 0x000000654e100000,0x000000654e200000] [id=1632]
  0x00000165feb80800 ConcurrentGCThread "G1 Refine#0" [stack: 0x000000654e200000,0x000000654e300000] [id=24204]
  0x00000165feb81800 ConcurrentGCThread "G1 Young RemSet Sampling" [stack: 0x000000654e300000,0x000000654e400000] [id=19960]

Threads with active compile tasks:
C2 CompilerThread035970647  421 % !   4       jdk.internal.ref.CleanerImpl::run @ 20 (90 bytes)

VM state:not at safepoint (normal execution)

VM Mutex/Monitor currently owned by a thread: None

Heap address: 0x0000000081e00000, size: 2018 MB, Compressed Oops mode: 32-bit
Narrow klass base: 0x0000000000000000, Narrow klass shift: 3
Compressed class space size: 1073741824 Address: 0x0000000100000000

Heap:
 garbage-first heap   total 131072K, used 3783K [0x0000000081e00000, 0x0000000100000000)
  region size 1024K, 5 young (5120K), 1 survivors (1024K)
 Metaspace       used 4294K, capacity 4630K, committed 4864K, reserved 1056768K
  class space    used 374K, capacity 390K, committed 512K, reserved 1048576K
Heap Regions: E=young(eden), S=young(survivor), O=old, HS=humongous(starts), HC=humongous(continues), CS=collection set, F=free, A=archive, TAMS=top-at-mark-start (previous, next)
|   0|0x0000000081e00000, 0x0000000081ea5600, 0x0000000081f00000| 64%| O|  |TAMS 0x0000000081e00000, 0x0000000081e00000| Untracked 
|   1|0x0000000081f00000, 0x0000000081f00000, 0x0000000082000000|  0%| F|  |TAMS 0x0000000081f00000, 0x0000000081f00000| Untracked 
|   2|0x0000000082000000, 0x0000000082000000, 0x0000000082100000|  0%| F|  |TAMS 0x0000000082000000, 0x0000000082000000| Untracked 
|   3|0x0000000082100000, 0x0000000082100000, 0x0000000082200000|  0%| F|  |TAMS 0x0000000082100000, 0x0000000082100000| Untracked 
|   4|0x0000000082200000, 0x0000000082200000, 0x0000000082300000|  0%| F|  |TAMS 0x0000000082200000, 0x0000000082200000| Untracked 
|   5|0x0000000082300000, 0x0000000082300000, 0x0000000082400000|  0%| F|  |TAMS 0x0000000082300000, 0x0000000082300000| Untracked 
|   6|0x0000000082400000, 0x0000000082400000, 0x0000000082500000|  0%| F|  |TAMS 0x0000000082400000, 0x0000000082400000| Untracked 
|   7|0x0000000082500000, 0x0000000082500000, 0x0000000082600000|  0%| F|  |TAMS 0x0000000082500000, 0x0000000082500000| Untracked 
|   8|0x0000000082600000, 0x0000000082600000, 0x0000000082700000|  0%| F|  |TAMS 0x0000000082600000, 0x0000000082600000| Untracked 
|   9|0x0000000082700000, 0x0000000082700000, 0x0000000082800000|  0%| F|  |TAMS 0x0000000082700000, 0x0000000082700000| Untracked 
|  10|0x0000000082800000, 0x0000000082800000, 0x0000000082900000|  0%| F|  |TAMS 0x0000000082800000, 0x0000000082800000| Untracked 
|  11|0x0000000082900000, 0x0000000082900000, 0x0000000082a00000|  0%| F|  |TAMS 0x0000000082900000, 0x0000000082900000| Untracked 
|  12|0x0000000082a00000, 0x0000000082a00000, 0x0000000082b00000|  0%| F|  |TAMS 0x0000000082a00000, 0x0000000082a00000| Untracked 
|  13|0x0000000082b00000, 0x0000000082b00000, 0x0000000082c00000|  0%| F|  |TAMS 0x0000000082b00000, 0x0000000082b00000| Untracked 
|  14|0x0000000082c00000, 0x0000000082c00000, 0x0000000082d00000|  0%| F|  |TAMS 0x0000000082c00000, 0x0000000082c00000| Untracked 
|  15|0x0000000082d00000, 0x0000000082d00000, 0x0000000082e00000|  0%| F|  |TAMS 0x0000000082d00000, 0x0000000082d00000| Untracked 
|  16|0x0000000082e00000, 0x0000000082e00000, 0x0000000082f00000|  0%| F|  |TAMS 0x0000000082e00000, 0x0000000082e00000| Untracked 
|  17|0x0000000082f00000, 0x0000000082f00000, 0x0000000083000000|  0%| F|  |TAMS 0x0000000082f00000, 0x0000000082f00000| Untracked 
|  18|0x0000000083000000, 0x0000000083000000, 0x0000000083100000|  0%| F|  |TAMS 0x0000000083000000, 0x0000000083000000| Untracked 
|  19|0x0000000083100000, 0x0000000083100000, 0x0000000083200000|  0%| F|  |TAMS 0x0000000083100000, 0x0000000083100000| Untracked 
|  20|0x0000000083200000, 0x0000000083200000, 0x0000000083300000|  0%| F|  |TAMS 0x0000000083200000, 0x0000000083200000| Untracked 
|  21|0x0000000083300000, 0x0000000083300000, 0x0000000083400000|  0%| F|  |TAMS 0x0000000083300000, 0x0000000083300000| Untracked 
|  22|0x0000000083400000, 0x0000000083400000, 0x0000000083500000|  0%| F|  |TAMS 0x0000000083400000, 0x0000000083400000| Untracked 
|  23|0x0000000083500000, 0x0000000083500000, 0x0000000083600000|  0%| F|  |TAMS 0x0000000083500000, 0x0000000083500000| Untracked 
|  24|0x0000000083600000, 0x0000000083600000, 0x0000000083700000|  0%| F|  |TAMS 0x0000000083600000, 0x0000000083600000| Untracked 
|  25|0x0000000083700000, 0x0000000083700000, 0x0000000083800000|  0%| F|  |TAMS 0x0000000083700000, 0x0000000083700000| Untracked 
|  26|0x0000000083800000, 0x0000000083800000, 0x0000000083900000|  0%| F|  |TAMS 0x0000000083800000, 0x0000000083800000| Untracked 
|  27|0x0000000083900000, 0x0000000083900000, 0x0000000083a00000|  0%| F|  |TAMS 0x0000000083900000, 0x0000000083900000| Untracked 
|  28|0x0000000083a00000, 0x0000000083a00000, 0x0000000083b00000|  0%| F|  |TAMS 0x0000000083a00000, 0x0000000083a00000| Untracked 
|  29|0x0000000083b00000, 0x0000000083b00000, 0x0000000083c00000|  0%| F|  |TAMS 0x0000000083b00000, 0x0000000083b00000| Untracked 
|  30|0x0000000083c00000, 0x0000000083c00000, 0x0000000083d00000|  0%| F|  |TAMS 0x0000000083c00000, 0x0000000083c00000| Untracked 
|  31|0x0000000083d00000, 0x0000000083d00000, 0x0000000083e00000|  0%| F|  |TAMS 0x0000000083d00000, 0x0000000083d00000| Untracked 
|  32|0x0000000083e00000, 0x0000000083e00000, 0x0000000083f00000|  0%| F|  |TAMS 0x0000000083e00000, 0x0000000083e00000| Untracked 
|  33|0x0000000083f00000, 0x0000000083f00000, 0x0000000084000000|  0%| F|  |TAMS 0x0000000083f00000, 0x0000000083f00000| Untracked 
|  34|0x0000000084000000, 0x0000000084000000, 0x0000000084100000|  0%| F|  |TAMS 0x0000000084000000, 0x0000000084000000| Untracked 
|  35|0x0000000084100000, 0x0000000084100000, 0x0000000084200000|  0%| F|  |TAMS 0x0000000084100000, 0x0000000084100000| Untracked 
|  36|0x0000000084200000, 0x0000000084200000, 0x0000000084300000|  0%| F|  |TAMS 0x0000000084200000, 0x0000000084200000| Untracked 
|  37|0x0000000084300000, 0x0000000084300000, 0x0000000084400000|  0%| F|  |TAMS 0x0000000084300000, 0x0000000084300000| Untracked 
|  38|0x0000000084400000, 0x0000000084400000, 0x0000000084500000|  0%| F|  |TAMS 0x0000000084400000, 0x0000000084400000| Untracked 
|  39|0x0000000084500000, 0x0000000084500000, 0x0000000084600000|  0%| F|  |TAMS 0x0000000084500000, 0x0000000084500000| Untracked 
|  40|0x0000000084600000, 0x0000000084600000, 0x0000000084700000|  0%| F|  |TAMS 0x0000000084600000, 0x0000000084600000| Untracked 
|  41|0x0000000084700000, 0x0000000084700000, 0x0000000084800000|  0%| F|  |TAMS 0x0000000084700000, 0x0000000084700000| Untracked 
|  42|0x0000000084800000, 0x0000000084800000, 0x0000000084900000|  0%| F|  |TAMS 0x0000000084800000, 0x0000000084800000| Untracked 
|  43|0x0000000084900000, 0x0000000084900000, 0x0000000084a00000|  0%| F|  |TAMS 0x0000000084900000, 0x0000000084900000| Untracked 
|  44|0x0000000084a00000, 0x0000000084a00000, 0x0000000084b00000|  0%| F|  |TAMS 0x0000000084a00000, 0x0000000084a00000| Untracked 
|  45|0x0000000084b00000, 0x0000000084b00000, 0x0000000084c00000|  0%| F|  |TAMS 0x0000000084b00000, 0x0000000084b00000| Untracked 
|  46|0x0000000084c00000, 0x0000000084c00000, 0x0000000084d00000|  0%| F|  |TAMS 0x0000000084c00000, 0x0000000084c00000| Untracked 
|  47|0x0000000084d00000, 0x0000000084d00000, 0x0000000084e00000|  0%| F|  |TAMS 0x0000000084d00000, 0x0000000084d00000| Untracked 
|  48|0x0000000084e00000, 0x0000000084e00000, 0x0000000084f00000|  0%| F|  |TAMS 0x0000000084e00000, 0x0000000084e00000| Untracked 
|  49|0x0000000084f00000, 0x0000000084f00000, 0x0000000085000000|  0%| F|  |TAMS 0x0000000084f00000, 0x0000000084f00000| Untracked 
|  50|0x0000000085000000, 0x0000000085000000, 0x0000000085100000|  0%| F|  |TAMS 0x0000000085000000, 0x0000000085000000| Untracked 
|  51|0x0000000085100000, 0x0000000085100000, 0x0000000085200000|  0%| F|  |TAMS 0x0000000085100000, 0x0000000085100000| Untracked 
|  52|0x0000000085200000, 0x000000008520c990, 0x0000000085300000|  4%| S|CS|TAMS 0x0000000085200000, 0x0000000085200000| Complete 
|  53|0x0000000085300000, 0x0000000085300000, 0x0000000085400000|  0%| F|  |TAMS 0x0000000085300000, 0x0000000085300000| Untracked 
|  54|0x0000000085400000, 0x0000000085400000, 0x0000000085500000|  0%| F|  |TAMS 0x0000000085400000, 0x0000000085400000| Untracked 
|  55|0x0000000085500000, 0x0000000085500000, 0x0000000085600000|  0%| F|  |TAMS 0x0000000085500000, 0x0000000085500000| Untracked 
|  56|0x0000000085600000, 0x0000000085600000, 0x0000000085700000|  0%| F|  |TAMS 0x0000000085600000, 0x0000000085600000| Untracked 
|  57|0x0000000085700000, 0x0000000085700000, 0x0000000085800000|  0%| F|  |TAMS 0x0000000085700000, 0x0000000085700000| Untracked 
|  58|0x0000000085800000, 0x0000000085800000, 0x0000000085900000|  0%| F|  |TAMS 0x0000000085800000, 0x0000000085800000| Untracked 
|  59|0x0000000085900000, 0x0000000085900000, 0x0000000085a00000|  0%| F|  |TAMS 0x0000000085900000, 0x0000000085900000| Untracked 
|  60|0x0000000085a00000, 0x0000000085a00000, 0x0000000085b00000|  0%| F|  |TAMS 0x0000000085a00000, 0x0000000085a00000| Untracked 
|  61|0x0000000085b00000, 0x0000000085b00000, 0x0000000085c00000|  0%| F|  |TAMS 0x0000000085b00000, 0x0000000085b00000| Untracked 
|  62|0x0000000085c00000, 0x0000000085c00000, 0x0000000085d00000|  0%| F|  |TAMS 0x0000000085c00000, 0x0000000085c00000| Untracked 
|  63|0x0000000085d00000, 0x0000000085d00000, 0x0000000085e00000|  0%| F|  |TAMS 0x0000000085d00000, 0x0000000085d00000| Untracked 
|  64|0x0000000085e00000, 0x0000000085e00000, 0x0000000085f00000|  0%| F|  |TAMS 0x0000000085e00000, 0x0000000085e00000| Untracked 
|  65|0x0000000085f00000, 0x0000000085f00000, 0x0000000086000000|  0%| F|  |TAMS 0x0000000085f00000, 0x0000000085f00000| Untracked 
|  66|0x0000000086000000, 0x0000000086000000, 0x0000000086100000|  0%| F|  |TAMS 0x0000000086000000, 0x0000000086000000| Untracked 
|  67|0x0000000086100000, 0x0000000086100000, 0x0000000086200000|  0%| F|  |TAMS 0x0000000086100000, 0x0000000086100000| Untracked 
|  68|0x0000000086200000, 0x0000000086200000, 0x0000000086300000|  0%| F|  |TAMS 0x0000000086200000, 0x0000000086200000| Untracked 
|  69|0x0000000086300000, 0x0000000086300000, 0x0000000086400000|  0%| F|  |TAMS 0x0000000086300000, 0x0000000086300000| Untracked 
|  70|0x0000000086400000, 0x0000000086400000, 0x0000000086500000|  0%| F|  |TAMS 0x0000000086400000, 0x0000000086400000| Untracked 
|  71|0x0000000086500000, 0x0000000086500000, 0x0000000086600000|  0%| F|  |TAMS 0x0000000086500000, 0x0000000086500000| Untracked 
|  72|0x0000000086600000, 0x0000000086600000, 0x0000000086700000|  0%| F|  |TAMS 0x0000000086600000, 0x0000000086600000| Untracked 
|  73|0x0000000086700000, 0x0000000086700000, 0x0000000086800000|  0%| F|  |TAMS 0x0000000086700000, 0x0000000086700000| Untracked 
|  74|0x0000000086800000, 0x0000000086800000, 0x0000000086900000|  0%| F|  |TAMS 0x0000000086800000, 0x0000000086800000| Untracked 
|  75|0x0000000086900000, 0x0000000086900000, 0x0000000086a00000|  0%| F|  |TAMS 0x0000000086900000, 0x0000000086900000| Untracked 
|  76|0x0000000086a00000, 0x0000000086a00000, 0x0000000086b00000|  0%| F|  |TAMS 0x0000000086a00000, 0x0000000086a00000| Untracked 
|  77|0x0000000086b00000, 0x0000000086b00000, 0x0000000086c00000|  0%| F|  |TAMS 0x0000000086b00000, 0x0000000086b00000| Untracked 
|  78|0x0000000086c00000, 0x0000000086c00000, 0x0000000086d00000|  0%| F|  |TAMS 0x0000000086c00000, 0x0000000086c00000| Untracked 
|  79|0x0000000086d00000, 0x0000000086d00000, 0x0000000086e00000|  0%| F|  |TAMS 0x0000000086d00000, 0x0000000086d00000| Untracked 
|  80|0x0000000086e00000, 0x0000000086e00000, 0x0000000086f00000|  0%| F|  |TAMS 0x0000000086e00000, 0x0000000086e00000| Untracked 
|  81|0x0000000086f00000, 0x0000000086f00000, 0x0000000087000000|  0%| F|  |TAMS 0x0000000086f00000, 0x0000000086f00000| Untracked 
|  82|0x0000000087000000, 0x0000000087000000, 0x0000000087100000|  0%| F|  |TAMS 0x0000000087000000, 0x0000000087000000| Untracked 
|  83|0x0000000087100000, 0x0000000087100000, 0x0000000087200000|  0%| F|  |TAMS 0x0000000087100000, 0x0000000087100000| Untracked 
|  84|0x0000000087200000, 0x0000000087200000, 0x0000000087300000|  0%| F|  |TAMS 0x0000000087200000, 0x0000000087200000| Untracked 
|  85|0x0000000087300000, 0x0000000087300000, 0x0000000087400000|  0%| F|  |TAMS 0x0000000087300000, 0x0000000087300000| Untracked 
|  86|0x0000000087400000, 0x0000000087400000, 0x0000000087500000|  0%| F|  |TAMS 0x0000000087400000, 0x0000000087400000| Untracked 
|  87|0x0000000087500000, 0x0000000087500000, 0x0000000087600000|  0%| F|  |TAMS 0x0000000087500000, 0x0000000087500000| Untracked 
|  88|0x0000000087600000, 0x0000000087600000, 0x0000000087700000|  0%| F|  |TAMS 0x0000000087600000, 0x0000000087600000| Untracked 
|  89|0x0000000087700000, 0x0000000087700000, 0x0000000087800000|  0%| F|  |TAMS 0x0000000087700000, 0x0000000087700000| Untracked 
|  90|0x0000000087800000, 0x0000000087800000, 0x0000000087900000|  0%| F|  |TAMS 0x0000000087800000, 0x0000000087800000| Untracked 
|  91|0x0000000087900000, 0x0000000087900000, 0x0000000087a00000|  0%| F|  |TAMS 0x0000000087900000, 0x0000000087900000| Untracked 
|  92|0x0000000087a00000, 0x0000000087a00000, 0x0000000087b00000|  0%| F|  |TAMS 0x0000000087a00000, 0x0000000087a00000| Untracked 
|  93|0x0000000087b00000, 0x0000000087b00000, 0x0000000087c00000|  0%| F|  |TAMS 0x0000000087b00000, 0x0000000087b00000| Untracked 
|  94|0x0000000087c00000, 0x0000000087c00000, 0x0000000087d00000|  0%| F|  |TAMS 0x0000000087c00000, 0x0000000087c00000| Untracked 
|  95|0x0000000087d00000, 0x0000000087d00000, 0x0000000087e00000|  0%| F|  |TAMS 0x0000000087d00000, 0x0000000087d00000| Untracked 
|  96|0x0000000087e00000, 0x0000000087e00000, 0x0000000087f00000|  0%| F|  |TAMS 0x0000000087e00000, 0x0000000087e00000| Untracked 
|  97|0x0000000087f00000, 0x0000000087f00000, 0x0000000088000000|  0%| F|  |TAMS 0x0000000087f00000, 0x0000000087f00000| Untracked 
|  98|0x0000000088000000, 0x0000000088000000, 0x0000000088100000|  0%| F|  |TAMS 0x0000000088000000, 0x0000000088000000| Untracked 
|  99|0x0000000088100000, 0x0000000088100000, 0x0000000088200000|  0%| F|  |TAMS 0x0000000088100000, 0x0000000088100000| Untracked 
| 100|0x0000000088200000, 0x0000000088200000, 0x0000000088300000|  0%| F|  |TAMS 0x0000000088200000, 0x0000000088200000| Untracked 
| 101|0x0000000088300000, 0x0000000088300000, 0x0000000088400000|  0%| F|  |TAMS 0x0000000088300000, 0x0000000088300000| Untracked 
| 102|0x0000000088400000, 0x0000000088400000, 0x0000000088500000|  0%| F|  |TAMS 0x0000000088400000, 0x0000000088400000| Untracked 
| 103|0x0000000088500000, 0x0000000088500000, 0x0000000088600000|  0%| F|  |TAMS 0x0000000088500000, 0x0000000088500000| Untracked 
| 104|0x0000000088600000, 0x0000000088600000, 0x0000000088700000|  0%| F|  |TAMS 0x0000000088600000, 0x0000000088600000| Untracked 
| 105|0x0000000088700000, 0x0000000088700000, 0x0000000088800000|  0%| F|  |TAMS 0x0000000088700000, 0x0000000088700000| Untracked 
| 106|0x0000000088800000, 0x0000000088800000, 0x0000000088900000|  0%| F|  |TAMS 0x0000000088800000, 0x0000000088800000| Untracked 
| 107|0x0000000088900000, 0x0000000088900000, 0x0000000088a00000|  0%| F|  |TAMS 0x0000000088900000, 0x0000000088900000| Untracked 
| 108|0x0000000088a00000, 0x0000000088a00000, 0x0000000088b00000|  0%| F|  |TAMS 0x0000000088a00000, 0x0000000088a00000| Untracked 
| 109|0x0000000088b00000, 0x0000000088b00000, 0x0000000088c00000|  0%| F|  |TAMS 0x0000000088b00000, 0x0000000088b00000| Untracked 
| 110|0x0000000088c00000, 0x0000000088c00000, 0x0000000088d00000|  0%| F|  |TAMS 0x0000000088c00000, 0x0000000088c00000| Untracked 
| 111|0x0000000088d00000, 0x0000000088d00000, 0x0000000088e00000|  0%| F|  |TAMS 0x0000000088d00000, 0x0000000088d00000| Untracked 
| 112|0x0000000088e00000, 0x0000000088e00000, 0x0000000088f00000|  0%| F|  |TAMS 0x0000000088e00000, 0x0000000088e00000| Untracked 
| 113|0x0000000088f00000, 0x0000000088f00000, 0x0000000089000000|  0%| F|  |TAMS 0x0000000088f00000, 0x0000000088f00000| Untracked 
| 114|0x0000000089000000, 0x0000000089000000, 0x0000000089100000|  0%| F|  |TAMS 0x0000000089000000, 0x0000000089000000| Untracked 
| 115|0x0000000089100000, 0x0000000089100000, 0x0000000089200000|  0%| F|  |TAMS 0x0000000089100000, 0x0000000089100000| Untracked 
| 116|0x0000000089200000, 0x0000000089200000, 0x0000000089300000|  0%| F|  |TAMS 0x0000000089200000, 0x0000000089200000| Untracked 
| 117|0x0000000089300000, 0x0000000089300000, 0x0000000089400000|  0%| F|  |TAMS 0x0000000089300000, 0x0000000089300000| Untracked 
| 118|0x0000000089400000, 0x0000000089400000, 0x0000000089500000|  0%| F|  |TAMS 0x0000000089400000, 0x0000000089400000| Untracked 
| 119|0x0000000089500000, 0x0000000089500000, 0x0000000089600000|  0%| F|  |TAMS 0x0000000089500000, 0x0000000089500000| Untracked 
| 120|0x0000000089600000, 0x0000000089600000, 0x0000000089700000|  0%| F|  |TAMS 0x0000000089600000, 0x0000000089600000| Untracked 
| 121|0x0000000089700000, 0x0000000089700000, 0x0000000089800000|  0%| F|  |TAMS 0x0000000089700000, 0x0000000089700000| Untracked 
| 122|0x0000000089800000, 0x0000000089800000, 0x0000000089900000|  0%| F|  |TAMS 0x0000000089800000, 0x0000000089800000| Untracked 
| 123|0x0000000089900000, 0x0000000089900000, 0x0000000089a00000|  0%| F|  |TAMS 0x0000000089900000, 0x0000000089900000| Untracked 
| 124|0x0000000089a00000, 0x0000000089a82010, 0x0000000089b00000| 50%| E|  |TAMS 0x0000000089a00000, 0x0000000089a00000| Complete 
| 125|0x0000000089b00000, 0x0000000089c00000, 0x0000000089c00000|100%| E|CS|TAMS 0x0000000089b00000, 0x0000000089b00000| Complete 
| 126|0x0000000089c00000, 0x0000000089d00000, 0x0000000089d00000|100%| E|CS|TAMS 0x0000000089c00000, 0x0000000089c00000| Complete 
| 127|0x0000000089d00000, 0x0000000089e00000, 0x0000000089e00000|100%| E|CS|TAMS 0x0000000089d00000, 0x0000000089d00000| Complete 

Card table byte_map: [0x00000165fdaf0000,0x00000165fdef0000] _byte_map_base: 0x00000165fd6e1000

Marking Bits (Prev, Next): (CMBitMap*) 0x00000165f4f61e68, (CMBitMap*) 0x00000165f4f61ea0
 Prev Bits: [0x000001658f000000, 0x0000016590f88000)
 Next Bits: [0x0000016590f90000, 0x0000016592f18000)

Polling page: 0x00000165f4710000

Metaspace:

Usage:
  Non-class:      4.14 MB capacity,     3.83 MB ( 92%) used,   320.24 KB (  8%) free+waste,   448 bytes ( <1%) overhead. 
      Class:    390.00 KB capacity,   374.98 KB ( 96%) used,    14.77 KB (  4%) free+waste,   256 bytes ( <1%) overhead. 
       Both:      4.52 MB capacity,     4.19 MB ( 93%) used,   335.01 KB (  7%) free+waste,   704 bytes ( <1%) overhead. 

Virtual space:
  Non-class space:        8.00 MB reserved,       4.25 MB ( 53%) committed 
      Class space:        1.00 GB reserved,     512.00 KB ( <1%) committed 
             Both:        1.01 GB reserved,       4.75 MB ( <1%) committed 

Chunk freelists:
   Non-Class:  6.00 KB
       Class:  0 bytes
        Both:  6.00 KB

CodeHeap 'non-profiled nmethods': size=120000Kb used=348Kb max_used=359Kb free=119651Kb
 bounds [0x0000016587ad0000, 0x0000016587d40000, 0x000001658f000000]
CodeHeap 'profiled nmethods': size=120000Kb used=338Kb max_used=715Kb free=119661Kb
 bounds [0x00000165805a0000, 0x0000016580810000, 0x0000016587ad0000]
CodeHeap 'non-nmethods': size=5760Kb used=1009Kb max_used=1052Kb free=4751Kb
 bounds [0x0000016580000000, 0x0000016580270000, 0x00000165805a0000]
 total_blobs=588 nmethods=321 adapters=179
 compilation: enabled
              stopped_count=0, restarted_count=0
 full_count=0

Compilation events (10 events):
Event: 26694.159 Thread 0x00000165fed58000 nmethod 416 0x00000165805a0010 code [0x00000165805a01c0, 0x00000165805a03d8]
Event: 27061.925 Thread 0x00000165fed4b800  417       4       java.lang.StringBuilder::toString (35 bytes)
Event: 27061.932 Thread 0x00000165fed58000  418       1       java.lang.Class::getModule (5 bytes)
Event: 27061.933 Thread 0x00000165fed58000 nmethod 418 0x0000016587b25e10 code [0x0000016587b25fa0, 0x0000016587b260b8]
Event: 27061.938 Thread 0x00000165fed4b800 nmethod 417 0x0000016587b18290 code [0x0000016587b18420, 0x0000016587b18838]
Event: 27634.084 Thread 0x00000165fed58000  419       3       jdk.internal.misc.VM::initLevel (4 bytes)
Event: 27634.090 Thread 0x00000165fed58000 nmethod 419 0x00000165805a2310 code [0x00000165805a24a0, 0x00000165805a25f8]
Event: 27634.090 Thread 0x00000165fed58000  420       3       jdk.internal.misc.VM::isModuleSystemInited (13 bytes)
Event: 27634.092 Thread 0x00000165fed58000 nmethod 420 0x00000165805a1e90 code [0x00000165805a2040, 0x00000165805a2238]
Event: 35970.536 Thread 0x00000165fed4b800  421 % !   4       jdk.internal.ref.CleanerImpl::run @ 20 (90 bytes)

GC Heap History (10 events):
Event: 35959.825 GC heap before
{Heap before GC invocations=6464 (full 0):
 garbage-first heap   total 131072K, used 77463K [0x0000000081e00000, 0x0000000100000000)
  region size 1024K, 76 young (77824K), 1 survivors (1024K)
 Metaspace       used 4294K, capacity 4630K, committed 4864K, reserved 1056768K
  class space    used 374K, capacity 390K, committed 512K, reserved 1048576K
}
Event: 35959.826 GC heap after
{Heap after GC invocations=6465 (full 0):
 garbage-first heap   total 131072K, used 667K [0x0000000081e00000, 0x0000000100000000)
  region size 1024K, 1 young (1024K), 1 survivors (1024K)
 Metaspace       used 4294K, capacity 4630K, committed 4864K, reserved 1056768K
  class space    used 374K, capacity 390K, committed 512K, reserved 1048576K
}
Event: 35962.690 GC heap before
{Heap before GC invocations=6465 (full 0):
 garbage-first heap   total 131072K, used 77467K [0x0000000081e00000, 0x0000000100000000)
  region size 1024K, 76 young (77824K), 1 survivors (1024K)
 Metaspace       used 4294K, capacity 4630K, committed 4864K, reserved 1056768K
  class space    used 374K, capacity 390K, committed 512K, reserved 1048576K
}
Event: 35962.691 GC heap after
{Heap after GC invocations=6466 (full 0):
 garbage-first heap   total 131072K, used 667K [0x0000000081e00000, 0x0000000100000000)
  region size 1024K, 1 young (1024K), 1 survivors (1024K)
 Metaspace       used 4294K, capacity 4630K, committed 4864K, reserved 1056768K
  class space    used 374K, capacity 390K, committed 512K, reserved 1048576K
}
Event: 35965.322 GC heap before
{Heap before GC invocations=6466 (full 0):
 garbage-first heap   total 131072K, used 77467K [0x0000000081e00000, 0x0000000100000000)
  region size 1024K, 76 young (77824K), 1 survivors (1024K)
 Metaspace       used 4294K, capacity 4630K, committed 4864K, reserved 1056768K
  class space    used 374K, capacity 390K, committed 512K, reserved 1048576K
}
Event: 35965.322 GC heap after
{Heap after GC invocations=6467 (full 0):
 garbage-first heap   total 131072K, used 667K [0x0000000081e00000, 0x0000000100000000)
  region size 1024K, 1 young (1024K), 1 survivors (1024K)
 Metaspace       used 4294K, capacity 4630K, committed 4864K, reserved 1056768K
  class space    used 374K, capacity 390K, committed 512K, reserved 1048576K
}
Event: 35968.027 GC heap before
{Heap before GC invocations=6467 (full 0):
 garbage-first heap   total 131072K, used 77467K [0x0000000081e00000, 0x0000000100000000)
  region size 1024K, 76 young (77824K), 1 survivors (1024K)
 Metaspace       used 4294K, capacity 4630K, committed 4864K, reserved 1056768K
  class space    used 374K, capacity 390K, committed 512K, reserved 1048576K
}
Event: 35968.027 GC heap after
{Heap after GC invocations=6468 (full 0):
 garbage-first heap   total 131072K, used 667K [0x0000000081e00000, 0x0000000100000000)
  region size 1024K, 1 young (1024K), 1 survivors (1024K)
 Metaspace       used 4294K, capacity 4630K, committed 4864K, reserved 1056768K
  class space    used 374K, capacity 390K, committed 512K, reserved 1048576K
}
Event: 35970.512 GC heap before
{Heap before GC invocations=6468 (full 0):
 garbage-first heap   total 131072K, used 77467K [0x0000000081e00000, 0x0000000100000000)
  region size 1024K, 76 young (77824K), 1 survivors (1024K)
 Metaspace       used 4294K, capacity 4630K, committed 4864K, reserved 1056768K
  class space    used 374K, capacity 390K, committed 512K, reserved 1048576K
}
Event: 35970.516 GC heap after
{Heap after GC invocations=6469 (full 0):
 garbage-first heap   total 131072K, used 711K [0x0000000081e00000, 0x0000000100000000)
  region size 1024K, 1 young (1024K), 1 survivors (1024K)
 Metaspace       used 4294K, capacity 4630K, committed 4864K, reserved 1056768K
  class space    used 374K, capacity 390K, committed 512K, reserved 1048576K
}

Deoptimization events (3 events):
Event: 0.194 Thread 0x00000165f4f28000 Uncommon trap: reason=unstable_if action=reinterpret pc=0x0000016587ad44fc method=java.lang.String.hashCode()I @ 14 c2
Event: 20701.584 Thread 0x00000165ff873000 Uncommon trap: reason=null_check action=make_not_entrant pc=0x0000016587b25c48 method=jdk.internal.ref.CleanerImpl.run()V @ 68 c2
Event: 24972.943 Thread 0x00000165f4f28000 Uncommon trap: reason=unstable_if action=reinterpret pc=0x0000016587b16b54 method=java.io.PrintStream.write(Ljava/lang/String;)V @ 43 c2

Classes redefined (0 events):
No events

Internal exceptions (10 events):
Event: 35970.555 Thread 0x00000165f4f28000 Exception <a 'java/io/IOException'{0x0000000089df1e38}> (0x0000000089df1e38) thrown at [./open/src/hotspot/share/prims/jni.cpp, line 611]
Event: 35970.555 Thread 0x00000165f4f28000 Exception <a 'java/io/IOException'{0x0000000089df21a0}> (0x0000000089df21a0) thrown at [./open/src/hotspot/share/prims/jni.cpp, line 611]
Event: 35970.555 Thread 0x00000165f4f28000 Exception <a 'java/io/IOException'{0x0000000089df7d28}> (0x0000000089df7d28) thrown at [./open/src/hotspot/share/prims/jni.cpp, line 611]
Event: 35970.555 Thread 0x00000165f4f28000 Exception <a 'java/io/IOException'{0x0000000089df8090}> (0x0000000089df8090) thrown at [./open/src/hotspot/share/prims/jni.cpp, line 611]
Event: 35970.555 Thread 0x00000165f4f28000 Exception <a 'java/io/IOException'{0x0000000089df8428}> (0x0000000089df8428) thrown at [./open/src/hotspot/share/prims/jni.cpp, line 611]
Event: 35970.555 Thread 0x00000165f4f28000 Exception <a 'java/io/IOException'{0x0000000089df8790}> (0x0000000089df8790) thrown at [./open/src/hotspot/share/prims/jni.cpp, line 611]
Event: 35970.556 Thread 0x00000165f4f28000 Exception <a 'java/io/IOException'{0x0000000089dfe318}> (0x0000000089dfe318) thrown at [./open/src/hotspot/share/prims/jni.cpp, line 611]
Event: 35970.556 Thread 0x00000165f4f28000 Exception <a 'java/io/IOException'{0x0000000089dfe680}> (0x0000000089dfe680) thrown at [./open/src/hotspot/share/prims/jni.cpp, line 611]
Event: 35970.557 Thread 0x00000165f4f28000 Exception <a 'java/io/IOException'{0x0000000089dfea18}> (0x0000000089dfea18) thrown at [./open/src/hotspot/share/prims/jni.cpp, line 611]
Event: 35970.557 Thread 0x00000165f4f28000 Exception <a 'java/io/IOException'{0x0000000089dfed80}> (0x0000000089dfed80) thrown at [./open/src/hotspot/share/prims/jni.cpp, line 611]

Events (10 events):
Event: 35959.825 Executing VM operation: G1CollectForAllocation
Event: 35959.826 Executing VM operation: G1CollectForAllocation done
Event: 35962.690 Executing VM operation: G1CollectForAllocation
Event: 35962.691 Executing VM operation: G1CollectForAllocation done
Event: 35965.322 Executing VM operation: G1CollectForAllocation
Event: 35965.322 Executing VM operation: G1CollectForAllocation done
Event: 35968.027 Executing VM operation: G1CollectForAllocation
Event: 35968.027 Executing VM operation: G1CollectForAllocation done
Event: 35970.512 Executing VM operation: G1CollectForAllocation
Event: 35970.516 Executing VM operation: G1CollectForAllocation done


Dynamic libraries:
0x00007ff7ea340000 - 0x00007ff7ea34f000 	C:\Program Files\Java\jdk-11.0.9\bin\java.exe
0x00007ffad5a30000 - 0x00007ffad5c25000 	C:\WINDOWS\SYSTEM32\ntdll.dll
0x00007ffad40e0000 - 0x00007ffad419d000 	C:\WINDOWS\System32\KERNEL32.DLL
0x00007ffad3170000 - 0x00007ffad3439000 	C:\WINDOWS\System32\KERNELBASE.dll
0x00007ffad3440000 - 0x00007ffad3540000 	C:\WINDOWS\System32\ucrtbase.dll
0x00007ffab1c60000 - 0x00007ffab1c78000 	C:\Program Files\Java\jdk-11.0.9\bin\jli.dll
0x00007ffaca480000 - 0x00007ffaca495000 	C:\Program Files\Java\jdk-11.0.9\bin\VCRUNTIME140.dll
0x00007ffad3a90000 - 0x00007ffad3b3c000 	C:\WINDOWS\System32\ADVAPI32.dll
0x00007ffad5570000 - 0x00007ffad560e000 	C:\WINDOWS\System32\msvcrt.dll
0x00007ffad5950000 - 0x00007ffad59ec000 	C:\WINDOWS\System32\sechost.dll
0x00007ffad5190000 - 0x00007ffad52bb000 	C:\WINDOWS\System32\RPCRT4.dll
0x00007ffad5300000 - 0x00007ffad54a0000 	C:\WINDOWS\System32\USER32.dll
0x00007ffad3620000 - 0x00007ffad3642000 	C:\WINDOWS\System32\win32u.dll
0x00007ffad52d0000 - 0x00007ffad52fa000 	C:\WINDOWS\System32\GDI32.dll
0x00007ffad3920000 - 0x00007ffad3a2b000 	C:\WINDOWS\System32\gdi32full.dll
0x00007ffac32d0000 - 0x00007ffac356a000 	C:\WINDOWS\WinSxS\amd64_microsoft.windows.common-controls_6595b64144ccf1df_6.0.19041.844_none_ca00b6081b84eb1d\COMCTL32.dll
0x00007ffad36d0000 - 0x00007ffad376d000 	C:\WINDOWS\System32\msvcp_win.dll
0x00007ffacd170000 - 0x00007ffacd17a000 	C:\WINDOWS\SYSTEM32\VERSION.dll
0x00007ffad5750000 - 0x00007ffad5780000 	C:\WINDOWS\System32\IMM32.DLL
0x00007ffaa2370000 - 0x00007ffaa240b000 	C:\Program Files\Java\jdk-11.0.9\bin\msvcp140.dll
0x00007ffa78190000 - 0x00007ffa78c87000 	C:\Program Files\Java\jdk-11.0.9\bin\server\jvm.dll
0x00007ffad41c0000 - 0x00007ffad41c8000 	C:\WINDOWS\System32\PSAPI.DLL
0x00007ffac3e70000 - 0x00007ffac3e97000 	C:\WINDOWS\SYSTEM32\WINMM.dll
0x00007ffac2570000 - 0x00007ffac2579000 	C:\WINDOWS\SYSTEM32\WSOCK32.dll
0x00007ffad5500000 - 0x00007ffad556b000 	C:\WINDOWS\System32\WS2_32.dll
0x00007ffad1a80000 - 0x00007ffad1a92000 	C:\WINDOWS\SYSTEM32\kernel.appcore.dll
0x00007ffacb8a0000 - 0x00007ffacb8b0000 	C:\Program Files\Java\jdk-11.0.9\bin\verify.dll
0x00007ffad0fc0000 - 0x00007ffad11a4000 	C:\WINDOWS\SYSTEM32\DBGHELP.DLL
0x00007ffaca840000 - 0x00007ffaca86c000 	C:\WINDOWS\SYSTEM32\dbgcore.DLL
0x00007ffad3650000 - 0x00007ffad36d0000 	C:\WINDOWS\System32\bcryptPrimitives.dll
0x00007ffab0540000 - 0x00007ffab0568000 	C:\Program Files\Java\jdk-11.0.9\bin\java.dll
0x00007ffac2f40000 - 0x00007ffac2f4a000 	C:\Program Files\Java\jdk-11.0.9\bin\jimage.dll
0x00007ffab0520000 - 0x00007ffab0536000 	C:\Program Files\Java\jdk-11.0.9\bin\zip.dll
0x00007ffad43a0000 - 0x00007ffad4ae2000 	C:\WINDOWS\System32\SHELL32.dll
0x00007ffad12b0000 - 0x00007ffad1a40000 	C:\WINDOWS\SYSTEM32\windows.storage.dll
0x00007ffad4af0000 - 0x00007ffad4e45000 	C:\WINDOWS\System32\combase.dll
0x00007ffad2b70000 - 0x00007ffad2b9c000 	C:\WINDOWS\SYSTEM32\Wldp.dll
0x00007ffad41d0000 - 0x00007ffad427e000 	C:\WINDOWS\System32\SHCORE.dll
0x00007ffad56f0000 - 0x00007ffad5745000 	C:\WINDOWS\System32\shlwapi.dll
0x00007ffad30b0000 - 0x00007ffad30cf000 	C:\WINDOWS\SYSTEM32\profapi.dll
0x00007ffab04c0000 - 0x00007ffab04d9000 	C:\Program Files\Java\jdk-11.0.9\bin\net.dll
0x00007ffacdb10000 - 0x00007ffacdc1c000 	C:\WINDOWS\SYSTEM32\WINHTTP.dll
0x00007ffad28f0000 - 0x00007ffad295a000 	C:\WINDOWS\system32\mswsock.dll
0x00007ffab0420000 - 0x00007ffab0432000 	C:\Program Files\Java\jdk-11.0.9\bin\nio.dll

dbghelp: loaded successfully - version: 4.0.5 - missing functions: none
symbol engine: initialized successfully - sym options: 0x614 - pdb path: .;C:\Program Files\Java\jdk-11.0.9\bin;C:\WINDOWS\SYSTEM32;C:\WINDOWS\WinSxS\amd64_microsoft.windows.common-controls_6595b64144ccf1df_6.0.19041.844_none_ca00b6081b84eb1d;C:\Program Files\Java\jdk-11.0.9\bin\server

VM Arguments:
jvm_args: -Dfile.encoding=UTF-8 
java_command: StudentTester
java_class_path (initial): C:\Users\Chaiyakorn\AppData\Roaming\Code\User\workspaceStorage\7cc1942a278fc392fb0d8482cf057e99\redhat.java\jdt_ws\P1.6388012_b492dc7f\bin
Launcher Type: SUN_STANDARD

[Global flags]
     intx CICompilerCount                          = 4                                         {product} {ergonomic}
     uint ConcGCThreads                            = 2                                         {product} {ergonomic}
     uint G1ConcRefinementThreads                  = 8                                         {product} {ergonomic}
   size_t G1HeapRegionSize                         = 1048576                                   {product} {ergonomic}
    uintx GCDrainStackTargetSize                   = 64                                        {product} {ergonomic}
   size_t InitialHeapSize                          = 134217728                                 {product} {ergonomic}
   size_t MarkStackSize                            = 4194304                                   {product} {ergonomic}
   size_t MaxHeapSize                              = 2116026368                                {product} {ergonomic}
   size_t MaxNewSize                               = 1268776960                                {product} {ergonomic}
   size_t MinHeapDeltaBytes                        = 1048576                                   {product} {ergonomic}
    uintx NonNMethodCodeHeapSize                   = 5836300                                {pd product} {ergonomic}
    uintx NonProfiledCodeHeapSize                  = 122910970                              {pd product} {ergonomic}
    uintx ProfiledCodeHeapSize                     = 122910970                              {pd product} {ergonomic}
    uintx ReservedCodeCacheSize                    = 251658240                              {pd product} {ergonomic}
     bool SegmentedCodeCache                       = true                                      {product} {ergonomic}
     bool UseCompressedClassPointers               = true                                 {lp64_product} {ergonomic}
     bool UseCompressedOops                        = true                                 {lp64_product} {ergonomic}
     bool UseG1GC                                  = true                                      {product} {ergonomic}
     bool UseLargePagesIndividualAllocation        = false                                  {pd product} {ergonomic}

Logging:
Log output configuration:
 #0: stdout all=warning uptime,level,tags
 #1: stderr all=off uptime,level,tags

Environment Variables:
JAVA_HOME=C:\Program Files\Java\jdk-11.0.9
PATH=C:\WINDOWS\system32;C:\WINDOWS;C:\WINDOWS\System32\Wbem;C:\WINDOWS\System32\WindowsPowerShell\v1.0\;C:\WINDOWS\System32\OpenSSH\;C:\MinGW\bin;C:\Program Files\SourceGear\Common\DiffMerge\;C:\Program Files (x86)\Intel\Intel(R) Management Engine Components\DAL;C:\Program Files\Intel\Intel(R) Management Engine Components\DAL;C:\Program Files\Git\cmd;C:\Program Files\Java\jdk-11.0.9\bin;C:\Users\Chaiyakorn\AppData\Local\Programs\Microsoft VS Code\bin
USERNAME=MingRuji
OS=Windows_NT
PROCESSOR_IDENTIFIER=Intel64 Family 6 Model 142 Stepping 10, GenuineIntel



---------------  S Y S T E M  ---------------

OS: Windows 10 , 64 bit Build 19041 (10.0.19041.804)

CPU:total 8 (initial active 8) (4 cores per cpu, 2 threads per core) family 6 model 142 stepping 10, cmov, cx8, fxsr, mmx, sse, sse2, sse3, ssse3, sse4.1, sse4.2, popcnt, avx, avx2, aes, clmul, erms, rtm, 3dnowpref, lzcnt, ht, tsc, tscinvbit, bmi1, bmi2, adx, fma

Memory: 4k page, system-wide physical 8070M (507M free)
TotalPageFile size 32646M (AvailPageFile size 0M)
current process WorkingSet (physical memory assigned to process): 85M, peak: 117M
current process commit charge ("private bytes"): 203M, peak: 229M

vm_info: Java HotSpot(TM) 64-Bit Server VM (11.0.9+7-LTS) for windows-amd64 JRE (11.0.9+7-LTS), built on Sep 15 2020 16:47:03 by "mach5one" with MS VC++ 15.9 (VS2017)

END.
