T=0	400	0	0	0	0
T=1	399	1	0	0	0
T=2	398	2	0	0	0
T=3	397	3	0	0	0
T=4	396	4	0	0	0
T=5	395	5	0	0	0
T=6	394	6	0	0	0
T=7	393	7	0	0	0
T=8	392	8	0	0	0
T=9	391	9	0	0	0
T=10	390	10	0	0	0
T=11	389	11	0	0	0
T=12	389	10	1	0	0
T=13	388	10	1	1	0
T=14	387	10	1	2	0
T=15	387	9	1	3	0
T=16	386	10	0	4	0
T=17	385	11	0	4	0
T=18	384	12	0	4	0
T=19	383	13	0	4	0
T=20	382	14	0	4	0
T=21	381	15	0	4	0
T=22	380	16	0	4	0
T=23	380	15	1	4	0
T=24	379	15	1	5	0
T=25	378	15	1	6	0
T=26	377	15	1	7	0
T=27	376	16	0	8	0
T=28	375	17	0	8	0
T=29	374	18	0	8	0
T=30	373	19	0	8	0
T=31	372	20	0	8	0
T=32	372	20	0	8	0
T=33	372	20	0	8	0
T=34	372	19	1	8	0
T=35	371	19	1	9	0
T=36	370	19	1	10	0
T=37	369	19	1	11	0
T=38	368	20	0	12	0
T=39	368	20	0	12	0
T=40	368	20	0	12	0
T=41	368	20	0	12	0
T=42	368	20	0	11	1
T=43	368	20	0	10	2
T=44	368	20	0	9	3
T=45	368	19	1	8	4
T=46	367	19	1	9	4
T=47	366	19	1	10	4
T=48	365	19	1	11	4
T=49	364	20	0	12	4
T=50	364	20	0	12	4
T=51	364	20	0	12	4
T=52	364	20	0	12	4
T=53	364	20	0	11	5
T=54	364	20	0	10	6
T=55	364	20	0	9	7
T=56	364	19	1	8	8
T=57	363	19	1	9	8
T=58	362	19	1	10	8
T=59	361	19	1	11	8
T=60	360	20	0	12	8
T=61	360	20	0	12	8
T=62	360	20	0	12	8
T=63	360	20	0	12	8
T=64	360	20	0	11	9
T=65	360	20	0	10	10
T=66	360	20	0	9	11
T=67	360	19	1	8	12
T=68	359	19	1	9	12
T=69	358	19	1	10	12
T=70	357	19	1	11	12
T=71	356	20	0	12	12
T=72	356	20	0	12	12
T=73	356	20	0	12	12
T=74	356	20	0	12	12
T=75	356	20	0	11	13
T=76	356	20	0	10	14
T=77	356	20	0	9	15
T=78	356	19	1	8	16
T=79	355	19	1	9	16
T=80	354	19	1	10	16
T=81	353	19	1	11	16
T=82	352	20	0	12	16
T=83	352	20	0	12	16
T=84	352	20	0	12	16
T=85	352	20	0	12	16
T=86	352	20	0	11	17
T=87	352	20	0	10	18
T=88	352	20	0	9	19
T=89	352	19	1	8	20
T=90	351	19	1	9	20
T=91	350	19	1	10	20
T=92	349	19	1	11	20
T=93	348	20	0	12	20
T=94	348	20	0	12	20
T=95	348	20	0	12	20
T=96	348	20	0	12	20
T=97	348	20	0	11	21
T=98	348	20	0	10	22
T=99	348	20	0	9	23
T=100	348	19	1	8	24
T=101	347	19	1	9	24
T=102	346	19	1	10	24
T=103	345	19	1	11	24
T=104	344	20	0	12	24
T=105	344	20	0	12	24
T=106	344	20	0	12	24
T=107	344	20	0	12	24
T=108	344	20	0	11	25
T=109	344	20	0	10	26
T=110	344	20	0	9	27
T=111	344	19	1	8	28
T=112	343	19	1	9	28
T=113	342	19	1	10	28
T=114	341	19	1	11	28
T=115	340	20	0	12	28
T=116	340	20	0	12	28
T=117	340	20	0	12	28
T=118	340	20	0	12	28
T=119	340	20	0	11	29
T=120	340	20	0	10	30
T=121	340	20	0	9	31
T=122	340	19	1	8	32
T=123	339	19	1	9	32
T=124	338	19	1	10	32
T=125	337	19	1	11	32
T=126	336	20	0	12	32
T=127	336	20	0	12	32
T=128	336	20	0	12	32
T=129	336	20	0	12	32
T=130	336	20	0	11	33
T=131	336	20	0	10	34
T=132	336	20	0	9	35
T=133	336	19	1	8	36
T=134	335	19	1	9	36
T=135	334	19	1	10	36
T=136	333	19	1	11	36
T=137	332	20	0	12	36
T=138	332	20	0	12	36
T=139	332	20	0	12	36
T=140	332	20	0	12	36
T=141	332	20	0	11	37
T=142	332	20	0	10	38
T=143	332	20	0	9	39
T=144	332	19	1	8	40
T=145	331	19	1	9	40
T=146	330	19	1	10	40
T=147	329	19	1	11	40
T=148	328	20	0	12	40
T=149	328	20	0	12	40
T=150	328	20	0	12	40
T=151	328	20	0	12	40
T=152	328	20	0	11	41
T=153	328	20	0	10	42
T=154	328	20	0	9	43
T=155	328	19	1	8	44
T=156	327	19	1	9	44
T=157	326	19	1	10	44
T=158	325	19	1	11	44
T=159	324	20	0	12	44
T=160	324	20	0	12	44
T=161	324	20	0	12	44
T=162	324	20	0	12	44
T=163	324	20	0	11	45
T=164	324	20	0	10	46
T=165	324	20	0	9	47
T=166	324	19	1	8	48
T=167	323	19	1	9	48
T=168	322	19	1	10	48
T=169	321	19	1	11	48
T=170	320	20	0	12	48
T=171	320	20	0	12	48
T=172	320	20	0	12	48
T=173	320	20	0	12	48
T=174	320	20	0	11	49
T=175	320	20	0	10	50
T=176	320	20	0	9	51
T=177	320	19	1	8	52
T=178	319	19	1	9	52
T=179	318	19	1	10	52
T=180	317	19	1	11	52
T=181	316	20	0	12	52
T=182	316	20	0	12	52
T=183	316	20	0	12	52
T=184	316	20	0	12	52
T=185	316	20	0	11	53
T=186	316	20	0	10	54
T=187	316	20	0	9	55
T=188	316	19	1	8	56
T=189	315	19	1	9	56
T=190	314	19	1	10	56
T=191	313	19	1	11	56
T=192	312	20	0	12	56
T=193	312	20	0	12	56
T=194	312	20	0	12	56
T=195	312	20	0	12	56
T=196	312	20	0	11	57
T=197	312	20	0	10	58
T=198	312	20	0	9	59
T=199	312	19	1	8	60
T=200	311	19	1	9	60
T=201	310	19	1	10	60
T=202	309	19	1	11	60
T=203	308	20	0	12	60
T=204	308	20	0	12	60
T=205	308	20	0	12	60
T=206	308	20	0	12	60
T=207	308	20	0	11	61
T=208	308	20	0	10	62
T=209	308	20	0	9	63
T=210	308	19	1	8	64
T=211	307	19	1	9	64
T=212	306	19	1	10	64
T=213	305	19	1	11	64
T=214	304	20	0	12	64
T=215	304	20	0	12	64
T=216	304	20	0	12	64
T=217	304	20	0	12	64
T=218	304	20	0	11	65
T=219	304	20	0	10	66
T=220	304	20	0	9	67
T=221	304	19	1	8	68
T=222	303	19	1	9	68
T=223	302	19	1	10	68
T=224	301	19	1	11	68
T=225	300	20	0	12	68
T=226	300	20	0	12	68
T=227	300	20	0	12	68
T=228	300	20	0	12	68
T=229	300	20	0	11	69
T=230	300	20	0	10	70
T=231	300	20	0	9	71
T=232	300	19	1	8	72
T=233	299	19	1	9	72
T=234	298	19	1	10	72
T=235	297	19	1	11	72
T=236	296	20	0	12	72
T=237	296	20	0	12	72
T=238	296	20	0	12	72
T=239	296	20	0	12	72
T=240	296	20	0	11	73
T=241	296	20	0	10	74
T=242	296	20	0	9	75
T=243	296	19	1	8	76
T=244	295	19	1	9	76
T=245	294	19	1	10	76
T=246	293	19	1	11	76
T=247	292	20	0	12	76
T=248	292	20	0	12	76
T=249	292	20	0	12	76
T=250	292	20	0	12	76
T=251	292	20	0	11	77
T=252	292	20	0	10	78
T=253	292	20	0	9	79
T=254	292	19	1	8	80
T=255	291	19	1	9	80
T=256	290	19	1	10	80
T=257	289	19	1	11	80
T=258	288	20	0	12	80
T=259	288	20	0	12	80
T=260	288	20	0	12	80
T=261	288	20	0	12	80
T=262	288	20	0	11	81
T=263	288	20	0	10	82
T=264	288	20	0	9	83
T=265	288	19	1	8	84
T=266	287	19	1	9	84
T=267	286	19	1	10	84
T=268	285	19	1	11	84
T=269	284	20	0	12	84
T=270	284	20	0	12	84
T=271	284	20	0	12	84
T=272	284	20	0	12	84
T=273	284	20	0	11	85
T=274	284	20	0	10	86
T=275	284	20	0	9	87
T=276	284	19	1	8	88
T=277	283	19	1	9	88
T=278	282	19	1	10	88
T=279	281	19	1	11	88
T=280	280	20	0	12	88
T=281	280	20	0	12	88
T=282	280	20	0	12	88
T=283	280	20	0	12	88
T=284	280	20	0	11	89
T=285	280	20	0	10	90
T=286	280	20	0	9	91
T=287	280	19	1	8	92
T=288	279	19	1	9	92
T=289	278	19	1	10	92
T=290	277	19	1	11	92
T=291	276	20	0	12	92
T=292	276	20	0	12	92
T=293	276	20	0	12	92
T=294	276	20	0	12	92
T=295	276	20	0	11	93
T=296	276	20	0	10	94
T=297	276	20	0	9	95
T=298	276	19	1	8	96
T=299	275	19	1	9	96
T=300	274	19	1	10	96
T=301	273	19	1	11	96
T=302	272	20	0	12	96
T=303	272	20	0	12	96
T=304	272	20	0	12	96
T=305	272	20	0	12	96
T=306	272	20	0	11	97
T=307	272	20	0	10	98
T=308	272	20	0	9	99
T=309	272	19	1	8	100
T=310	271	19	1	9	100
T=311	270	19	1	10	100
T=312	269	19	1	11	100
T=313	268	20	0	12	100
T=314	268	20	0	12	100
T=315	268	20	0	12	100
T=316	268	20	0	12	100
T=317	268	20	0	11	101
T=318	268	20	0	10	102
T=319	268	20	0	9	103
T=320	268	19	1	8	104
T=321	267	19	1	9	104
T=322	266	19	1	10	104
T=323	265	19	1	11	104
T=324	264	20	0	12	104
T=325	264	20	0	12	104
T=326	264	20	0	12	104
T=327	264	20	0	12	104
T=328	264	20	0	11	105
T=329	264	20	0	10	106
T=330	264	20	0	9	107
T=331	264	19	1	8	108
T=332	263	19	1	9	108
T=333	262	19	1	10	108
T=334	261	19	1	11	108
T=335	260	20	0	12	108
T=336	260	20	0	12	108
T=337	260	20	0	12	108
T=338	260	20	0	12	108
T=339	260	20	0	11	109
T=340	260	20	0	10	110
T=341	260	20	0	9	111
T=342	260	19	1	8	112
T=343	259	19	1	9	112
T=344	258	19	1	10	112
T=345	257	19	1	11	112
T=346	256	20	0	12	112
T=347	256	20	0	12	112
T=348	256	20	0	12	112
T=349	256	20	0	12	112
T=350	256	20	0	11	113
T=351	256	20	0	10	114
T=352	256	20	0	9	115
T=353	256	19	1	8	116
T=354	255	19	1	9	116
T=355	254	19	1	10	116
T=356	253	19	1	11	116
T=357	252	20	0	12	116
T=358	252	20	0	12	116
T=359	252	20	0	12	116
T=360	252	20	0	12	116
T=361	252	20	0	11	117
T=362	252	20	0	10	118
T=363	252	20	0	9	119
T=364	252	19	1	8	120
T=365	251	19	1	9	120
T=366	250	19	1	10	120
T=367	249	19	1	11	120
T=368	248	20	0	12	120
T=369	248	20	0	12	120
T=370	248	20	0	12	120
T=371	248	20	0	12	120
T=372	248	20	0	11	121
T=373	248	20	0	10	122
T=374	248	20	0	9	123
T=375	248	19	1	8	124
T=376	247	19	1	9	124
T=377	246	19	1	10	124
T=378	245	19	1	11	124
T=379	244	20	0	12	124
T=380	244	20	0	12	124
T=381	244	20	0	12	124
T=382	244	20	0	12	124
T=383	244	20	0	11	125
T=384	244	20	0	10	126
T=385	244	20	0	9	127
T=386	244	19	1	8	128
T=387	243	19	1	9	128
T=388	242	19	1	10	128
T=389	241	19	1	11	128
T=390	240	20	0	12	128
T=391	240	20	0	12	128
T=392	240	20	0	12	128
T=393	240	20	0	12	128
T=394	240	20	0	11	129
T=395	240	20	0	10	130
T=396	240	20	0	9	131
T=397	240	19	1	8	132
T=398	239	19	1	9	132
T=399	238	19	1	10	132
T=400	237	19	1	11	132
T=401	236	20	0	12	132
T=402	236	20	0	12	132
T=403	236	20	0	12	132
T=404	236	20	0	12	132
T=405	236	20	0	11	133
T=406	236	20	0	10	134
T=407	236	20	0	9	135
T=408	236	19	1	8	136
T=409	235	19	1	9	136
T=410	234	19	1	10	136
T=411	233	19	1	11	136
T=412	232	20	0	12	136
T=413	232	20	0	12	136
T=414	232	20	0	12	136
T=415	232	20	0	12	136
T=416	232	20	0	11	137
T=417	232	20	0	10	138
T=418	232	20	0	9	139
T=419	232	19	1	8	140
T=420	231	19	1	9	140
T=421	230	19	1	10	140
T=422	229	19	1	11	140
T=423	228	20	0	12	140
T=424	228	20	0	12	140
T=425	228	20	0	12	140
T=426	228	20	0	12	140
T=427	228	20	0	11	141
T=428	228	20	0	10	142
T=429	228	20	0	9	143
T=430	228	19	1	8	144
T=431	227	19	1	9	144
T=432	226	19	1	10	144
T=433	225	19	1	11	144
T=434	224	20	0	12	144
T=435	224	20	0	12	144
T=436	224	20	0	12	144
T=437	224	20	0	12	144
T=438	224	20	0	11	145
T=439	224	20	0	10	146
T=440	224	20	0	9	147
T=441	224	19	1	8	148
T=442	223	19	1	9	148
T=443	222	19	1	10	148
T=444	221	19	1	11	148
T=445	220	20	0	12	148
T=446	220	20	0	12	148
T=447	220	20	0	12	148
T=448	220	20	0	12	148
T=449	220	20	0	11	149
T=450	220	20	0	10	150
T=451	220	20	0	9	151
T=452	220	19	1	8	152
T=453	219	19	1	9	152
T=454	218	19	1	10	152
T=455	217	19	1	11	152
T=456	216	20	0	12	152
T=457	216	20	0	12	152
T=458	216	20	0	12	152
T=459	216	20	0	12	152
T=460	216	20	0	11	153
T=461	216	20	0	10	154
T=462	216	20	0	9	155
T=463	216	19	1	8	156
T=464	215	19	1	9	156
T=465	214	19	1	10	156
T=466	213	19	1	11	156
T=467	212	20	0	12	156
T=468	212	20	0	12	156
T=469	212	20	0	12	156
T=470	212	20	0	12	156
T=471	212	20	0	11	157
T=472	212	20	0	10	158
T=473	212	20	0	9	159
T=474	212	19	1	8	160
T=475	211	19	1	9	160
T=476	210	19	1	10	160
T=477	209	19	1	11	160
T=478	208	20	0	12	160
T=479	208	20	0	12	160
T=480	208	20	0	12	160
T=481	208	20	0	12	160
T=482	208	20	0	11	161
T=483	208	20	0	10	162
T=484	208	20	0	9	163
T=485	208	19	1	8	164
T=486	207	19	1	9	164
T=487	206	19	1	10	164
T=488	205	19	1	11	164
T=489	204	20	0	12	164
T=490	204	20	0	12	164
T=491	204	20	0	12	164
T=492	204	20	0	12	164
T=493	204	20	0	11	165
T=494	204	20	0	10	166
T=495	204	20	0	9	167
T=496	204	19	1	8	168
T=497	203	19	1	9	168
T=498	202	19	1	10	168
T=499	201	19	1	11	168
T=500	200	20	0	12	168
T=501	200	20	0	12	168
T=502	200	20	0	12	168
T=503	200	20	0	12	168
T=504	200	20	0	11	169
T=505	200	20	0	10	170
T=506	200	20	0	9	171
T=507	200	19	1	8	172
T=508	199	19	1	9	172
T=509	198	19	1	10	172
T=510	197	19	1	11	172
T=511	196	20	0	12	172
T=512	196	20	0	12	172
T=513	196	20	0	12	172
T=514	196	20	0	12	172
T=515	196	20	0	11	173
T=516	196	20	0	10	174
T=517	196	20	0	9	175
T=518	196	19	1	8	176
T=519	195	19	1	9	176
T=520	194	19	1	10	176
T=521	193	19	1	11	176
T=522	192	20	0	12	176
T=523	192	20	0	12	176
T=524	192	20	0	12	176
T=525	192	20	0	12	176
T=526	192	20	0	11	177
T=527	192	20	0	10	178
T=528	192	20	0	9	179
T=529	192	19	1	8	180
T=530	191	19	1	9	180
T=531	190	19	1	10	180
T=532	189	19	1	11	180
T=533	188	20	0	12	180
T=534	188	20	0	12	180
T=535	188	20	0	12	180
T=536	188	20	0	12	180
T=537	188	20	0	11	181
T=538	188	20	0	10	182
T=539	188	20	0	9	183
T=540	188	19	1	8	184
T=541	187	19	1	9	184
T=542	186	19	1	10	184
T=543	185	19	1	11	184
T=544	184	20	0	12	184
T=545	184	20	0	12	184
T=546	184	20	0	12	184
T=547	184	20	0	12	184
T=548	184	20	0	11	185
T=549	184	20	0	10	186
T=550	184	20	0	9	187
T=551	184	19	1	8	188
T=552	183	19	1	9	188
T=553	182	19	1	10	188
T=554	181	19	1	11	188
T=555	180	20	0	12	188
T=556	180	20	0	12	188
T=557	180	20	0	12	188
T=558	180	20	0	12	188
T=559	180	20	0	11	189
T=560	180	20	0	10	190
T=561	180	20	0	9	191
T=562	180	19	1	8	192
T=563	179	19	1	9	192
T=564	178	19	1	10	192
T=565	177	19	1	11	192
T=566	176	20	0	12	192
T=567	176	20	0	12	192
T=568	176	20	0	12	192
T=569	176	20	0	12	192
T=570	176	20	0	11	193
T=571	176	20	0	10	194
T=572	176	20	0	9	195
T=573	176	19	1	8	196
T=574	175	19	1	9	196
T=575	174	19	1	10	196
T=576	173	19	1	11	196
T=577	172	20	0	12	196
T=578	172	20	0	12	196
T=579	172	20	0	12	196
T=580	172	20	0	12	196
T=581	172	20	0	11	197
T=582	172	20	0	10	198
T=583	172	20	0	9	199
T=584	172	19	1	8	200
T=585	171	19	1	9	200
T=586	170	19	1	10	200
T=587	169	19	1	11	200
T=588	168	20	0	12	200
T=589	168	20	0	12	200
T=590	168	20	0	12	200
T=591	168	20	0	12	200
T=592	168	20	0	11	201
T=593	168	20	0	10	202
T=594	168	20	0	9	203
T=595	168	19	1	8	204
T=596	167	19	1	9	204
T=597	166	19	1	10	204
T=598	165	19	1	11	204
T=599	164	20	0	12	204
T=600	164	20	0	12	204
T=601	164	20	0	12	204
T=602	164	20	0	12	204
T=603	164	20	0	11	205
T=604	164	20	0	10	206
T=605	164	20	0	9	207
T=606	164	19	1	8	208
T=607	163	19	1	9	208
T=608	162	19	1	10	208
T=609	161	19	1	11	208
T=610	160	20	0	12	208
T=611	160	20	0	12	208
T=612	160	20	0	12	208
T=613	160	20	0	12	208
T=614	160	20	0	11	209
T=615	160	20	0	10	210
T=616	160	20	0	9	211
T=617	160	19	1	8	212
T=618	159	19	1	9	212
T=619	158	19	1	10	212
T=620	157	19	1	11	212
T=621	156	20	0	12	212
T=622	156	20	0	12	212
T=623	156	20	0	12	212
T=624	156	20	0	12	212
T=625	156	20	0	11	213
T=626	156	20	0	10	214
T=627	156	20	0	9	215
T=628	156	19	1	8	216
T=629	155	19	1	9	216
T=630	154	19	1	10	216
T=631	153	19	1	11	216
T=632	152	20	0	12	216
T=633	152	20	0	12	216
T=634	152	20	0	12	216
T=635	152	20	0	12	216
T=636	152	20	0	11	217
T=637	152	20	0	10	218
T=638	152	20	0	9	219
T=639	152	19	1	8	220
T=640	151	19	1	9	220
T=641	150	19	1	10	220
T=642	149	19	1	11	220
T=643	148	20	0	12	220
T=644	148	20	0	12	220
T=645	148	20	0	12	220
T=646	148	20	0	12	220
T=647	148	20	0	11	221
T=648	148	20	0	10	222
T=649	148	20	0	9	223
T=650	148	19	1	8	224
T=651	147	19	1	9	224
T=652	146	19	1	10	224
T=653	145	19	1	11	224
T=654	144	20	0	12	224
T=655	144	20	0	12	224
T=656	144	20	0	12	224
T=657	144	20	0	12	224
T=658	144	20	0	11	225
T=659	144	20	0	10	226
T=660	144	20	0	9	227
T=661	144	19	1	8	228
T=662	143	19	1	9	228
T=663	142	19	1	10	228
T=664	141	19	1	11	228
T=665	140	20	0	12	228
T=666	140	20	0	12	228
T=667	140	20	0	12	228
T=668	140	20	0	12	228
T=669	140	20	0	11	229
T=670	140	20	0	10	230
T=671	140	20	0	9	231
T=672	140	19	1	8	232
T=673	139	19	1	9	232
T=674	138	19	1	10	232
T=675	137	19	1	11	232
T=676	136	20	0	12	232
T=677	136	20	0	12	232
T=678	136	20	0	12	232
T=679	136	20	0	12	232
T=680	136	20	0	11	233
T=681	136	20	0	10	234
T=682	136	20	0	9	235
T=683	136	19	1	8	236
T=684	135	19	1	9	236
T=685	134	19	1	10	236
T=686	133	19	1	11	236
T=687	132	20	0	12	236
T=688	132	20	0	12	236
T=689	132	20	0	12	236
T=690	132	20	0	12	236
T=691	132	20	0	11	237
T=692	132	20	0	10	238
T=693	132	20	0	9	239
T=694	132	19	1	8	240
T=695	131	19	1	9	240
T=696	130	19	1	10	240
T=697	129	19	1	11	240
T=698	128	20	0	12	240
T=699	128	20	0	12	240
T=700	128	20	0	12	240
T=701	128	20	0	12	240
T=702	128	20	0	11	241
T=703	128	20	0	10	242
T=704	128	20	0	9	243
T=705	128	19	1	8	244
T=706	127	19	1	9	244
T=707	126	19	1	10	244
T=708	125	19	1	11	244
T=709	124	20	0	12	244
T=710	124	20	0	12	244
T=711	124	20	0	12	244
T=712	124	20	0	12	244
T=713	124	20	0	11	245
T=714	124	20	0	10	246
T=715	124	20	0	9	247
T=716	124	19	1	8	248
T=717	123	19	1	9	248
T=718	122	19	1	10	248
T=719	121	19	1	11	248
T=720	120	20	0	12	248
T=721	120	20	0	12	248
T=722	120	20	0	12	248
T=723	120	20	0	12	248
T=724	120	20	0	11	249
T=725	120	20	0	10	250
T=726	120	20	0	9	251
T=727	120	19	1	8	252
T=728	119	19	1	9	252
T=729	118	19	1	10	252
T=730	117	19	1	11	252
T=731	116	20	0	12	252
T=732	116	20	0	12	252
T=733	116	20	0	12	252
T=734	116	20	0	12	252
T=735	116	20	0	11	253
T=736	116	20	0	10	254
T=737	116	20	0	9	255
T=738	116	19	1	8	256
T=739	115	19	1	9	256
T=740	114	19	1	10	256
T=741	113	19	1	11	256
T=742	112	20	0	12	256
T=743	112	20	0	12	256
T=744	112	20	0	12	256
T=745	112	20	0	12	256
T=746	112	20	0	11	257
T=747	112	20	0	10	258
T=748	112	20	0	9	259
T=749	112	19	1	8	260
T=750	111	19	1	9	260
T=751	110	19	1	10	260
T=752	109	19	1	11	260
T=753	108	20	0	12	260
T=754	108	20	0	12	260
T=755	108	20	0	12	260
T=756	108	20	0	12	260
T=757	108	20	0	11	261
T=758	108	20	0	10	262
T=759	108	20	0	9	263
T=760	108	19	1	8	264
T=761	107	19	1	9	264
T=762	106	19	1	10	264
T=763	105	19	1	11	264
T=764	104	20	0	12	264
T=765	104	20	0	12	264
T=766	104	20	0	12	264
T=767	104	20	0	12	264
T=768	104	20	0	11	265
T=769	104	20	0	10	266
T=770	104	20	0	9	267
T=771	104	19	1	8	268
T=772	103	19	1	9	268
T=773	102	19	1	10	268
T=774	101	19	1	11	268
T=775	100	20	0	12	268
T=776	100	20	0	12	268
T=777	100	20	0	12	268
T=778	100	20	0	12	268
T=779	100	20	0	11	269
T=780	100	20	0	10	270
T=781	100	20	0	9	271
T=782	100	19	1	8	272
T=783	99	19	1	9	272
T=784	98	19	1	10	272
T=785	97	19	1	11	272
T=786	96	20	0	12	272
T=787	96	20	0	12	272
T=788	96	20	0	12	272
T=789	96	20	0	12	272
T=790	96	20	0	11	273
T=791	96	20	0	10	274
T=792	96	20	0	9	275
T=793	96	19	1	8	276
T=794	95	19	1	9	276
T=795	94	19	1	10	276
T=796	93	19	1	11	276
T=797	92	20	0	12	276
T=798	92	20	0	12	276
T=799	92	20	0	12	276
T=800	92	20	0	12	276
T=801	92	20	0	11	277
T=802	92	20	0	10	278
T=803	92	20	0	9	279
T=804	92	19	1	8	280
T=805	91	19	1	9	280
T=806	90	19	1	10	280
T=807	89	19	1	11	280
T=808	88	20	0	12	280
T=809	88	20	0	12	280
T=810	88	20	0	12	280
T=811	88	20	0	12	280
T=812	88	20	0	11	281
T=813	88	20	0	10	282
T=814	88	20	0	9	283
T=815	88	19	1	8	284
T=816	87	19	1	9	284
T=817	86	19	1	10	284
T=818	85	19	1	11	284
T=819	84	20	0	12	284
T=820	84	20	0	12	284
T=821	84	20	0	12	284
T=822	84	20	0	12	284
T=823	84	20	0	11	285
T=824	84	20	0	10	286
T=825	84	20	0	9	287
T=826	84	19	1	8	288
T=827	83	19	1	9	288
T=828	82	19	1	10	288
T=829	81	19	1	11	288
T=830	80	20	0	12	288
T=831	80	20	0	12	288
T=832	80	20	0	12	288
T=833	80	20	0	12	288
T=834	80	20	0	11	289
T=835	80	20	0	10	290
T=836	80	20	0	9	291
T=837	80	19	1	8	292
T=838	79	19	1	9	292
T=839	78	19	1	10	292
T=840	77	19	1	11	292
T=841	76	20	0	12	292
T=842	76	20	0	12	292
T=843	76	20	0	12	292
T=844	76	20	0	12	292
T=845	76	20	0	11	293
T=846	76	20	0	10	294
T=847	76	20	0	9	295
T=848	76	19	1	8	296
T=849	75	19	1	9	296
T=850	74	19	1	10	296
T=851	73	19	1	11	296
T=852	72	20	0	12	296
T=853	72	20	0	12	296
T=854	72	20	0	12	296
T=855	72	20	0	12	296
T=856	72	20	0	11	297
T=857	72	20	0	10	298
T=858	72	20	0	9	299
T=859	72	19	1	8	300
T=860	71	19	1	9	300
T=861	70	19	1	10	300
T=862	69	19	1	11	300
T=863	68	20	0	12	300
T=864	68	20	0	12	300
T=865	68	20	0	12	300
T=866	68	20	0	12	300
T=867	68	20	0	11	301
T=868	68	20	0	10	302
T=869	68	20	0	9	303
T=870	68	19	1	8	304
T=871	67	19	1	9	304
T=872	66	19	1	10	304
T=873	65	19	1	11	304
T=874	64	20	0	12	304
T=875	64	20	0	12	304
T=876	64	20	0	12	304
T=877	64	20	0	12	304
T=878	64	20	0	11	305
T=879	64	20	0	10	306
T=880	64	20	0	9	307
T=881	64	19	1	8	308
T=882	63	19	1	9	308
T=883	62	19	1	10	308
T=884	61	19	1	11	308
T=885	60	20	0	12	308
T=886	60	20	0	12	308
T=887	60	20	0	12	308
T=888	60	20	0	12	308
T=889	60	20	0	11	309
T=890	60	20	0	10	310
T=891	60	20	0	9	311
T=892	60	19	1	8	312
T=893	59	19	1	9	312
T=894	58	19	1	10	312
T=895	57	19	1	11	312
T=896	56	20	0	12	312
T=897	56	20	0	12	312
T=898	56	20	0	12	312
T=899	56	20	0	12	312
T=900	56	20	0	11	313
T=901	56	20	0	10	314
T=902	56	20	0	9	315
T=903	56	19	1	8	316
T=904	55	19	1	9	316
T=905	54	19	1	10	316
T=906	53	19	1	11	316
T=907	52	20	0	12	316
T=908	52	20	0	12	316
T=909	52	20	0	12	316
T=910	52	20	0	12	316
T=911	52	20	0	11	317
T=912	52	20	0	10	318
T=913	52	20	0	9	319
T=914	52	19	1	8	320
T=915	51	19	1	9	320
T=916	50	19	1	10	320
T=917	49	19	1	11	320
T=918	48	20	0	12	320
T=919	48	20	0	12	320
T=920	48	20	0	12	320
T=921	48	20	0	12	320
T=922	48	20	0	11	321
T=923	48	20	0	10	322
T=924	48	20	0	9	323
T=925	48	19	1	8	324
T=926	47	19	1	9	324
T=927	46	19	1	10	324
T=928	45	19	1	11	324
T=929	44	20	0	12	324
T=930	44	20	0	12	324
T=931	44	20	0	12	324
T=932	44	20	0	12	324
T=933	44	20	0	11	325
T=934	44	20	0	10	326
T=935	44	20	0	9	327
T=936	44	19	1	8	328
T=937	43	19	1	9	328
T=938	42	19	1	10	328
T=939	41	19	1	11	328
T=940	40	20	0	12	328
T=941	40	20	0	12	328
T=942	40	20	0	12	328
T=943	40	20	0	12	328
T=944	40	20	0	11	329
T=945	40	20	0	10	330
T=946	40	20	0	9	331
T=947	40	19	1	8	332
T=948	39	19	1	9	332
T=949	38	19	1	10	332
T=950	37	19	1	11	332
T=951	36	20	0	12	332
T=952	36	20	0	12	332
T=953	36	20	0	12	332
T=954	36	20	0	12	332
T=955	36	20	0	11	333
T=956	36	20	0	10	334
T=957	36	20	0	9	335
T=958	36	19	1	8	336
T=959	35	19	1	9	336
T=960	34	19	1	10	336
T=961	33	19	1	11	336
T=962	32	20	0	12	336
T=963	32	20	0	12	336
T=964	32	20	0	12	336
T=965	32	20	0	12	336
T=966	32	20	0	11	337
T=967	32	20	0	10	338
T=968	32	20	0	9	339
T=969	32	19	1	8	340
T=970	31	19	1	9	340
T=971	30	19	1	10	340
T=972	29	19	1	11	340
T=973	28	20	0	12	340
T=974	28	20	0	12	340
T=975	28	20	0	12	340
T=976	28	20	0	12	340
T=977	28	20	0	11	341
T=978	28	20	0	10	342
T=979	28	20	0	9	343
T=980	28	19	1	8	344
T=981	27	19	1	9	344
T=982	26	19	1	10	344
T=983	25	19	1	11	344
T=984	24	20	0	12	344
T=985	24	20	0	12	344
T=986	24	20	0	12	344
T=987	24	20	0	12	344
T=988	24	20	0	11	345
T=989	24	20	0	10	346
T=990	24	20	0	9	347
T=991	24	19	1	8	348
T=992	23	19	1	9	348
T=993	22	19	1	10	348
T=994	21	19	1	11	348
T=995	20	20	0	12	348
T=996	20	20	0	12	348
T=997	20	20	0	12	348
T=998	20	20	0	12	348
T=999	20	20	0	11	349
T=1000	20	20	0	10	350
T=1001	20	20	0	9	351
T=1002	20	19	1	8	352
T=1003	19	19	1	9	352
T=1004	18	19	1	10	352
T=1005	17	19	1	11	352
T=1006	16	20	0	12	352
T=1007	16	20	0	12	352
T=1008	16	20	0	12	352
T=1009	16	20	0	12	352
T=1010	16	20	0	11	353
T=1011	16	20	0	10	354
T=1012	16	20	0	9	355
T=1013	16	19	1	8	356
T=1014	15	19	1	9	356
T=1015	14	19	1	10	356
T=1016	13	19	1	11	356
T=1017	12	20	0	12	356
T=1018	12	20	0	12	356
T=1019	12	20	0	12	356
T=1020	12	20	0	12	356
T=1021	12	20	0	11	357
T=1022	12	20	0	10	358
T=1023	12	20	0	9	359
T=1024	12	19	1	8	360
T=1025	11	19	1	9	360
T=1026	10	19	1	10	360
T=1027	9	19	1	11	360
T=1028	8	20	0	12	360
T=1029	8	20	0	12	360
T=1030	8	20	0	12	360
T=1031	8	20	0	12	360
T=1032	8	20	0	11	361
T=1033	8	20	0	10	362
T=1034	8	20	0	9	363
T=1035	8	19	1	8	364
T=1036	7	19	1	9	364
T=1037	6	19	1	10	364
T=1038	5	19	1	11	364
T=1039	4	20	0	12	364
T=1040	4	20	0	12	364
T=1041	4	20	0	12	364
T=1042	4	20	0	12	364
T=1043	4	20	0	11	365
T=1044	4	20	0	10	366
T=1045	4	20	0	9	367
T=1046	4	19	1	8	368
T=1047	3	19	1	9	368
T=1048	2	19	1	10	368
T=1049	1	19	1	11	368
T=1050	0	20	0	12	368
T=1051	0	20	0	12	368
T=1052	0	20	0	12	368
T=1053	0	20	0	12	368
T=1054	0	20	0	11	369
T=1055	0	20	0	10	370
T=1056	0	20	0	9	371
T=1057	0	19	1	8	372
T=1058	0	18	1	9	372
T=1059	0	17	1	10	372
T=1060	0	16	1	11	372
T=1061	0	16	0	12	372
T=1062	0	16	0	12	372
T=1063	0	16	0	12	372
T=1064	0	16	0	12	372
T=1065	0	16	0	11	373
T=1066	0	16	0	10	374
T=1067	0	16	0	9	375
T=1068	0	15	1	8	376
T=1069	0	14	1	9	376
T=1070	0	13	1	10	376
T=1071	0	12	1	11	376
T=1072	0	12	0	12	376
T=1073	0	12	0	12	376
T=1074	0	12	0	12	376
T=1075	0	12	0	12	376
T=1076	0	12	0	11	377
T=1077	0	12	0	10	378
T=1078	0	12	0	9	379
T=1079	0	11	1	8	380
T=1080	0	10	1	9	380
T=1081	0	9	1	10	380
T=1082	0	8	1	11	380
T=1083	0	8	0	12	380
T=1084	0	8	0	12	380
T=1085	0	8	0	12	380
T=1086	0	8	0	12	380
T=1087	0	8	0	11	381
T=1088	0	8	0	10	382
T=1089	0	8	0	9	383
T=1090	0	7	1	8	384
T=1091	0	6	1	9	384
T=1092	0	5	1	10	384
T=1093	0	4	1	11	384
T=1094	0	4	0	12	384
T=1095	0	4	0	12	384
T=1096	0	4	0	12	384
T=1097	0	4	0	12	384
T=1098	0	4	0	11	385
T=1099	0	4	0	10	386
T=1100	0	4	0	9	387
T=1101	0	3	1	8	388
T=1102	0	2	1	9	388
T=1103	0	1	1	10	388
T=1104	0	0	1	11	388
T=1105	0	0	0	12	388
T=1106	0	0	0	12	388
T=1107	0	0	0	12	388
T=1108	0	0	0	12	388
T=1109	0	0	0	11	389
T=1110	0	0	0	10	390
T=1111	0	0	0	9	391
T=1112	0	0	0	8	392
T=1113	0	0	0	8	392
T=1114	0	0	0	8	392
T=1115	0	0	0	8	392
T=1116	0	0	0	8	392
T=1117	0	0	0	8	392
T=1118	0	0	0	8	392
T=1119	0	0	0	8	392
T=1120	0	0	0	7	393
T=1121	0	0	0	6	394
T=1122	0	0	0	5	395
T=1123	0	0	0	4	396
T=1124	0	0	0	4	396
T=1125	0	0	0	4	396
T=1126	0	0	0	4	396
T=1127	0	0	0	4	396
T=1128	0	0	0	4	396
T=1129	0	0	0	4	396
T=1130	0	0	0	4	396
T=1131	0	0	0	3	397
T=1132	0	0	0	2	398
T=1133	0	0	0	1	399
T=1134	0	0	0	0	400
@@ Simulation Done. Great Job!!
