T=0	30	0	0	0	0
T=1	29	1	0	0	0
T=2	28	2	0	0	0
T=3	27	3	0	0	0
T=4	26	4	0	0	0
T=5	25	5	0	0	0
T=6	24	6	0	0	0
T=7	23	7	0	0	0
T=8	22	8	0	0	0
T=9	21	9	0	0	0
T=10	20	10	0	0	0
T=11	19	11	0	0	0
T=12	18	12	0	0	0
T=13	17	12	1	0	0
T=14	16	12	1	1	0
T=15	15	12	1	2	0
T=16	14	13	0	3	0
T=17	13	14	0	3	0
T=18	12	15	0	3	0
T=19	12	15	0	3	0
T=20	12	15	0	3	0
T=21	12	15	0	3	0
T=22	12	15	0	3	0
T=23	12	15	0	3	0
T=24	11	15	1	3	0
T=25	10	15	1	4	0
T=26	9	15	1	5	0
T=27	9	15	0	6	0
T=28	9	15	0	6	0
T=29	9	15	0	6	0
T=30	9	15	0	6	0
T=31	9	15	0	6	0
T=32	9	15	0	6	0
T=33	9	15	0	6	0
T=34	9	15	0	6	0
T=35	8	15	1	6	0
T=36	7	15	1	7	0
T=37	6	15	1	8	0
T=38	6	15	1	8	0
T=39	6	15	1	8	0
T=40	6	15	1	8	0
T=41	6	15	1	8	0
T=42	6	15	0	8	1
T=43	6	15	0	7	2
T=44	6	15	0	6	3
T=45	6	15	0	6	3
T=46	5	15	1	6	3
T=47	4	15	1	7	3
T=48	3	15	1	8	3
T=49	3	15	1	8	3
T=50	3	15	1	8	3
T=51	3	15	1	8	3
T=52	3	15	1	8	3
T=53	3	15	0	8	4
T=54	3	15	0	7	5
T=55	3	15	0	6	6
T=56	3	15	0	6	6
T=57	2	15	1	6	6
T=58	1	15	1	7	6
T=59	0	15	1	8	6
T=60	0	15	1	8	6
T=61	0	15	1	8	6
T=62	0	15	1	8	6
T=63	0	15	1	8	6
T=64	0	15	0	8	7
T=65	0	15	0	7	8
T=66	0	15	0	7	8
T=67	0	15	0	7	8
T=68	0	14	1	7	8
T=69	0	13	1	8	8
T=70	0	12	1	8	9
T=71	0	12	1	8	9
T=72	0	12	1	8	9
T=73	0	12	1	8	9
T=74	0	12	1	8	9
T=75	0	12	0	8	10
T=76	0	12	0	7	11
T=77	0	12	0	7	11
T=78	0	12	0	7	11
T=79	0	11	1	7	11
T=80	0	10	1	8	11
T=81	0	9	1	8	12
T=82	0	9	1	8	12
T=83	0	9	1	8	12
T=84	0	9	1	8	12
T=85	0	9	1	8	12
T=86	0	9	0	8	13
T=87	0	9	0	7	14
T=88	0	9	0	7	14
T=89	0	9	0	7	14
T=90	0	8	1	7	14
T=91	0	7	1	8	14
T=92	0	6	1	8	15
T=93	0	6	1	8	15
T=94	0	6	1	8	15
T=95	0	6	1	8	15
T=96	0	6	1	8	15
T=97	0	6	0	8	16
T=98	0	6	0	7	17
T=99	0	6	0	7	17
T=100	0	6	0	7	17
T=101	0	5	1	7	17
T=102	0	4	1	8	17
T=103	0	3	1	8	18
T=104	0	3	1	8	18
T=105	0	3	1	8	18
T=106	0	3	1	8	18
T=107	0	3	1	8	18
T=108	0	3	0	8	19
T=109	0	3	0	7	20
T=110	0	3	0	7	20
T=111	0	3	0	7	20
T=112	0	2	1	7	20
T=113	0	1	1	8	20
T=114	0	0	1	8	21
T=115	0	0	1	8	21
T=116	0	0	1	8	21
T=117	0	0	1	8	21
T=118	0	0	1	8	21
T=119	0	0	0	8	22
T=120	0	0	0	7	23
T=121	0	0	0	7	23
T=122	0	0	0	7	23
T=123	0	0	0	7	23
T=124	0	0	0	7	23
T=125	0	0	0	6	24
T=126	0	0	0	6	24
T=127	0	0	0	6	24
T=128	0	0	0	6	24
T=129	0	0	0	6	24
T=130	0	0	0	5	25
T=131	0	0	0	4	26
T=132	0	0	0	4	26
T=133	0	0	0	4	26
T=134	0	0	0	4	26
T=135	0	0	0	4	26
T=136	0	0	0	3	27
T=137	0	0	0	3	27
T=138	0	0	0	3	27
T=139	0	0	0	3	27
T=140	0	0	0	3	27
T=141	0	0	0	2	28
T=142	0	0	0	1	29
T=143	0	0	0	1	29
T=144	0	0	0	1	29
T=145	0	0	0	1	29
T=146	0	0	0	1	29
T=147	0	0	0	0	30
@@ Simulation Done. Great Job!!
